{"C:\\Dev\\NodeJS - Mindhub - NaranjaX\\My Itinerary\\server\\app.js": {"path":"C:\\Dev\\NodeJS - Mindhub - NaranjaX\\My Itinerary\\server\\app.js","statementMap":{"0":{"start":{"line":1,"column":16},"end":{"line":1,"column":34}},"1":{"start":{"line":2,"column":12},"end":{"line":2,"column":21}},"2":{"start":{"line":3,"column":13},"end":{"line":3,"column":37}},"3":{"start":{"line":4,"column":13},"end":{"line":4,"column":28}},"4":{"start":{"line":5,"column":17},"end":{"line":5,"column":36}},"5":{"start":{"line":6,"column":17},"end":{"line":6,"column":38}},"6":{"start":{"line":8,"column":25},"end":{"line":8,"column":49}},"7":{"start":{"line":10,"column":0},"end":{"line":10,"column":24}},"8":{"start":{"line":11,"column":0},"end":{"line":11,"column":48}},"9":{"start":{"line":12,"column":0},"end":{"line":12,"column":16}},"10":{"start":{"line":13,"column":0},"end":{"line":13,"column":31}},"11":{"start":{"line":16,"column":0},"end":{"line":16,"column":44}},"12":{"start":{"line":17,"column":0},"end":{"line":17,"column":43}},"13":{"start":{"line":18,"column":0},"end":{"line":18,"column":49}},"14":{"start":{"line":21,"column":0},"end":{"line":24,"column":36}},"15":{"start":{"line":23,"column":14},"end":{"line":23,"column":65}},"16":{"start":{"line":24,"column":18},"end":{"line":24,"column":34}},"17":{"start":{"line":26,"column":0},"end":{"line":26,"column":31}}},"fnMap":{"0":{"name":"(anonymous_0)","decl":{"start":{"line":23,"column":8},"end":{"line":23,"column":9}},"loc":{"start":{"line":23,"column":14},"end":{"line":23,"column":65}},"line":23},"1":{"name":"(anonymous_1)","decl":{"start":{"line":24,"column":9},"end":{"line":24,"column":10}},"loc":{"start":{"line":24,"column":18},"end":{"line":24,"column":34}},"line":24}},"branchMap":{"0":{"loc":{"start":{"line":3,"column":13},"end":{"line":3,"column":37}},"type":"binary-expr","locations":[{"start":{"line":3,"column":13},"end":{"line":3,"column":29}},{"start":{"line":3,"column":33},"end":{"line":3,"column":37}}],"line":3}},"s":{"0":1,"1":1,"2":1,"3":1,"4":1,"5":1,"6":1,"7":1,"8":1,"9":1,"10":1,"11":1,"12":1,"13":1,"14":1,"15":1,"16":0,"17":1},"f":{"0":1,"1":0},"b":{"0":[1,1]},"_coverageSchema":"1a1c01bbd47fc00a2c39e90264f33305004495a9","hash":"b988e1c9d347adf79c7977681951ce848a67bd4b"}
,"C:\\Dev\\NodeJS - Mindhub - NaranjaX\\My Itinerary\\server\\passport.js": {"path":"C:\\Dev\\NodeJS - Mindhub - NaranjaX\\My Itinerary\\server\\passport.js","statementMap":{"0":{"start":{"line":1,"column":20},"end":{"line":1,"column":52}},"1":{"start":{"line":2,"column":19},"end":{"line":2,"column":53}},"2":{"start":{"line":3,"column":13},"end":{"line":3,"column":42}},"3":{"start":{"line":4,"column":17},"end":{"line":4,"column":36}},"4":{"start":{"line":6,"column":23},"end":{"line":6,"column":47}},"5":{"start":{"line":8,"column":13},"end":{"line":11,"column":1}},"6":{"start":{"line":16,"column":0},"end":{"line":27,"column":2}},"7":{"start":{"line":18,"column":4},"end":{"line":25,"column":40}},"8":{"start":{"line":20,"column":8},"end":{"line":22,"column":9}},"9":{"start":{"line":21,"column":10},"end":{"line":21,"column":34}},"10":{"start":{"line":23,"column":8},"end":{"line":23,"column":33}},"11":{"start":{"line":25,"column":22},"end":{"line":25,"column":38}}},"fnMap":{"0":{"name":"(anonymous_0)","decl":{"start":{"line":17,"column":24},"end":{"line":17,"column":25}},"loc":{"start":{"line":17,"column":47},"end":{"line":26,"column":3}},"line":17},"1":{"name":"(anonymous_1)","decl":{"start":{"line":19,"column":12},"end":{"line":19,"column":13}},"loc":{"start":{"line":19,"column":22},"end":{"line":24,"column":7}},"line":19},"2":{"name":"(anonymous_2)","decl":{"start":{"line":25,"column":13},"end":{"line":25,"column":14}},"loc":{"start":{"line":25,"column":22},"end":{"line":25,"column":38}},"line":25}},"branchMap":{"0":{"loc":{"start":{"line":20,"column":8},"end":{"line":22,"column":9}},"type":"if","locations":[{"start":{"line":20,"column":8},"end":{"line":22,"column":9}},{"start":{"line":20,"column":8},"end":{"line":22,"column":9}}],"line":20}},"s":{"0":1,"1":1,"2":1,"3":1,"4":1,"5":1,"6":1,"7":0,"8":0,"9":0,"10":0,"11":0},"f":{"0":0,"1":0,"2":0},"b":{"0":[0,0]},"_coverageSchema":"1a1c01bbd47fc00a2c39e90264f33305004495a9","hash":"7e8261ac819bda60df504cf65c6f7e66bb016236"}
,"C:\\Dev\\NodeJS - Mindhub - NaranjaX\\My Itinerary\\server\\config\\keys.js": {"path":"C:\\Dev\\NodeJS - Mindhub - NaranjaX\\My Itinerary\\server\\config\\keys.js","statementMap":{"0":{"start":{"line":1,"column":0},"end":{"line":4,"column":2}}},"fnMap":{},"branchMap":{},"s":{"0":1},"f":{},"b":{},"_coverageSchema":"1a1c01bbd47fc00a2c39e90264f33305004495a9","hash":"9986de8e102774867e40b4b280e2f6316bda0b6f"}
,"C:\\Dev\\NodeJS - Mindhub - NaranjaX\\My Itinerary\\server\\controllers\\city\\cityController.js": {"path":"C:\\Dev\\NodeJS - Mindhub - NaranjaX\\My Itinerary\\server\\controllers\\city\\cityController.js","statementMap":{"0":{"start":{"line":1,"column":12},"end":{"line":1,"column":44}},"1":{"start":{"line":2,"column":15},"end":{"line":2,"column":49}},"2":{"start":{"line":4,"column":0},"end":{"line":4,"column":33}}},"fnMap":{},"branchMap":{},"s":{"0":1,"1":1,"2":1},"f":{},"b":{},"_coverageSchema":"1a1c01bbd47fc00a2c39e90264f33305004495a9","hash":"8e001da29782df98ea9da04447276af6128558b4"}
,"C:\\Dev\\NodeJS - Mindhub - NaranjaX\\My Itinerary\\server\\controllers\\city\\cityModule.js": {"path":"C:\\Dev\\NodeJS - Mindhub - NaranjaX\\My Itinerary\\server\\controllers\\city\\cityModule.js","statementMap":{"0":{"start":{"line":2,"column":13},"end":{"line":2,"column":46}},"1":{"start":{"line":3,"column":29},"end":{"line":3,"column":47}},"2":{"start":{"line":5,"column":0},"end":{"line":9,"column":2}}},"fnMap":{},"branchMap":{},"s":{"0":1,"1":1,"2":1},"f":{},"b":{},"_coverageSchema":"1a1c01bbd47fc00a2c39e90264f33305004495a9","hash":"5dd1aba2fa7f430efb93eaab894193725822a74f"}
,"C:\\Dev\\NodeJS - Mindhub - NaranjaX\\My Itinerary\\server\\controllers\\city\\createCity\\createCity.js": {"path":"C:\\Dev\\NodeJS - Mindhub - NaranjaX\\My Itinerary\\server\\controllers\\city\\createCity\\createCity.js","statementMap":{"0":{"start":{"line":1,"column":23},"end":{"line":1,"column":70}},"1":{"start":{"line":2,"column":27},"end":{"line":2,"column":51}},"2":{"start":{"line":11,"column":15},"end":{"line":51,"column":1}},"3":{"start":{"line":12,"column":33},"end":{"line":12,"column":41}},"4":{"start":{"line":15,"column":2},"end":{"line":20,"column":3}},"5":{"start":{"line":16,"column":4},"end":{"line":19,"column":7}},"6":{"start":{"line":22,"column":18},"end":{"line":22,"column":50}},"7":{"start":{"line":24,"column":2},"end":{"line":50,"column":3}},"8":{"start":{"line":26,"column":19},"end":{"line":26,"column":60}},"9":{"start":{"line":28,"column":4},"end":{"line":34,"column":5}},"10":{"start":{"line":29,"column":6},"end":{"line":33,"column":9}},"11":{"start":{"line":37,"column":4},"end":{"line":37,"column":41}},"12":{"start":{"line":39,"column":4},"end":{"line":43,"column":7}},"13":{"start":{"line":45,"column":4},"end":{"line":49,"column":7}},"14":{"start":{"line":53,"column":0},"end":{"line":53,"column":28}}},"fnMap":{"0":{"name":"(anonymous_0)","decl":{"start":{"line":11,"column":15},"end":{"line":11,"column":16}},"loc":{"start":{"line":11,"column":46},"end":{"line":51,"column":1}},"line":11}},"branchMap":{"0":{"loc":{"start":{"line":11,"column":27},"end":{"line":11,"column":41}},"type":"default-arg","locations":[{"start":{"line":11,"column":33},"end":{"line":11,"column":41}}],"line":11},"1":{"loc":{"start":{"line":15,"column":2},"end":{"line":20,"column":3}},"type":"if","locations":[{"start":{"line":15,"column":2},"end":{"line":20,"column":3}},{"start":{"line":15,"column":2},"end":{"line":20,"column":3}}],"line":15},"2":{"loc":{"start":{"line":15,"column":6},"end":{"line":15,"column":31}},"type":"binary-expr","locations":[{"start":{"line":15,"column":6},"end":{"line":15,"column":11}},{"start":{"line":15,"column":15},"end":{"line":15,"column":23}},{"start":{"line":15,"column":27},"end":{"line":15,"column":31}}],"line":15},"3":{"loc":{"start":{"line":28,"column":4},"end":{"line":34,"column":5}},"type":"if","locations":[{"start":{"line":28,"column":4},"end":{"line":34,"column":5}},{"start":{"line":28,"column":4},"end":{"line":34,"column":5}}],"line":28}},"s":{"0":1,"1":1,"2":1,"3":0,"4":0,"5":0,"6":0,"7":0,"8":0,"9":0,"10":0,"11":0,"12":0,"13":0,"14":1},"f":{"0":0},"b":{"0":[0],"1":[0,0],"2":[0,0,0],"3":[0,0]},"_coverageSchema":"1a1c01bbd47fc00a2c39e90264f33305004495a9","hash":"c95b6bccd92b1b865566486a39f9ab39ca46dec4"}
,"C:\\Dev\\NodeJS - Mindhub - NaranjaX\\My Itinerary\\server\\controllers\\city\\getCities\\getCities.js": {"path":"C:\\Dev\\NodeJS - Mindhub - NaranjaX\\My Itinerary\\server\\controllers\\city\\getCities\\getCities.js","statementMap":{"0":{"start":{"line":1,"column":23},"end":{"line":1,"column":70}},"1":{"start":{"line":2,"column":21},"end":{"line":2,"column":45}},"2":{"start":{"line":10,"column":18},"end":{"line":44,"column":1}},"3":{"start":{"line":11,"column":19},"end":{"line":11,"column":28}},"4":{"start":{"line":13,"column":14},"end":{"line":13,"column":15}},"5":{"start":{"line":14,"column":2},"end":{"line":43,"column":3}},"6":{"start":{"line":15,"column":4},"end":{"line":20,"column":5}},"7":{"start":{"line":16,"column":6},"end":{"line":16,"column":59}},"8":{"start":{"line":18,"column":6},"end":{"line":18,"column":47}},"9":{"start":{"line":19,"column":6},"end":{"line":19,"column":43}},"10":{"start":{"line":23,"column":4},"end":{"line":29,"column":5}},"11":{"start":{"line":24,"column":6},"end":{"line":28,"column":9}},"12":{"start":{"line":31,"column":4},"end":{"line":36,"column":7}},"13":{"start":{"line":38,"column":4},"end":{"line":42,"column":7}},"14":{"start":{"line":52,"column":20},"end":{"line":79,"column":1}},"15":{"start":{"line":53,"column":17},"end":{"line":53,"column":27}},"16":{"start":{"line":55,"column":2},"end":{"line":78,"column":3}},"17":{"start":{"line":56,"column":19},"end":{"line":56,"column":50}},"18":{"start":{"line":59,"column":4},"end":{"line":65,"column":5}},"19":{"start":{"line":60,"column":6},"end":{"line":64,"column":9}},"20":{"start":{"line":67,"column":4},"end":{"line":71,"column":7}},"21":{"start":{"line":73,"column":4},"end":{"line":77,"column":7}},"22":{"start":{"line":81,"column":0},"end":{"line":84,"column":2}}},"fnMap":{"0":{"name":"(anonymous_0)","decl":{"start":{"line":10,"column":18},"end":{"line":10,"column":19}},"loc":{"start":{"line":10,"column":49},"end":{"line":44,"column":1}},"line":10},"1":{"name":"(anonymous_1)","decl":{"start":{"line":52,"column":20},"end":{"line":52,"column":21}},"loc":{"start":{"line":52,"column":51},"end":{"line":79,"column":1}},"line":52}},"branchMap":{"0":{"loc":{"start":{"line":10,"column":30},"end":{"line":10,"column":44}},"type":"default-arg","locations":[{"start":{"line":10,"column":36},"end":{"line":10,"column":44}}],"line":10},"1":{"loc":{"start":{"line":15,"column":4},"end":{"line":20,"column":5}},"type":"if","locations":[{"start":{"line":15,"column":4},"end":{"line":20,"column":5}},{"start":{"line":15,"column":4},"end":{"line":20,"column":5}}],"line":15},"2":{"loc":{"start":{"line":23,"column":4},"end":{"line":29,"column":5}},"type":"if","locations":[{"start":{"line":23,"column":4},"end":{"line":29,"column":5}},{"start":{"line":23,"column":4},"end":{"line":29,"column":5}}],"line":23},"3":{"loc":{"start":{"line":52,"column":32},"end":{"line":52,"column":46}},"type":"default-arg","locations":[{"start":{"line":52,"column":38},"end":{"line":52,"column":46}}],"line":52},"4":{"loc":{"start":{"line":59,"column":4},"end":{"line":65,"column":5}},"type":"if","locations":[{"start":{"line":59,"column":4},"end":{"line":65,"column":5}},{"start":{"line":59,"column":4},"end":{"line":65,"column":5}}],"line":59}},"s":{"0":1,"1":1,"2":1,"3":1,"4":1,"5":1,"6":1,"7":0,"8":1,"9":1,"10":1,"11":0,"12":1,"13":0,"14":1,"15":0,"16":0,"17":0,"18":0,"19":0,"20":0,"21":0,"22":1},"f":{"0":1,"1":0},"b":{"0":[0],"1":[0,1],"2":[0,1],"3":[0],"4":[0,0]},"_coverageSchema":"1a1c01bbd47fc00a2c39e90264f33305004495a9","hash":"aca66b5b73dc0e267cc4887c164bf7c4cc196cd5"}
,"C:\\Dev\\NodeJS - Mindhub - NaranjaX\\My Itinerary\\server\\controllers\\itinerary\\itineraryController.js": {"path":"C:\\Dev\\NodeJS - Mindhub - NaranjaX\\My Itinerary\\server\\controllers\\itinerary\\itineraryController.js","statementMap":{"0":{"start":{"line":1,"column":12},"end":{"line":1,"column":52}},"1":{"start":{"line":2,"column":15},"end":{"line":2,"column":61}},"2":{"start":{"line":3,"column":16},"end":{"line":3,"column":62}},"3":{"start":{"line":5,"column":0},"end":{"line":5,"column":42}}},"fnMap":{},"branchMap":{},"s":{"0":1,"1":1,"2":1,"3":1},"f":{},"b":{},"_coverageSchema":"1a1c01bbd47fc00a2c39e90264f33305004495a9","hash":"665d485a96b76000ca468c2a9910ec78f7df47ee"}
,"C:\\Dev\\NodeJS - Mindhub - NaranjaX\\My Itinerary\\server\\controllers\\itinerary\\itineraryModule.js": {"path":"C:\\Dev\\NodeJS - Mindhub - NaranjaX\\My Itinerary\\server\\controllers\\itinerary\\itineraryModule.js","statementMap":{"0":{"start":{"line":2,"column":18},"end":{"line":2,"column":56}},"1":{"start":{"line":3,"column":29},"end":{"line":3,"column":47}},"2":{"start":{"line":5,"column":0},"end":{"line":9,"column":2}}},"fnMap":{},"branchMap":{},"s":{"0":1,"1":1,"2":1},"f":{},"b":{},"_coverageSchema":"1a1c01bbd47fc00a2c39e90264f33305004495a9","hash":"fa31ca0d9cf779240983386274d30a976aa0c2ee"}
,"C:\\Dev\\NodeJS - Mindhub - NaranjaX\\My Itinerary\\server\\controllers\\itinerary\\createItinerary\\createItineraries.js": {"path":"C:\\Dev\\NodeJS - Mindhub - NaranjaX\\My Itinerary\\server\\controllers\\itinerary\\createItinerary\\createItineraries.js","statementMap":{"0":{"start":{"line":1,"column":32},"end":{"line":1,"column":61}},"1":{"start":{"line":2,"column":28},"end":{"line":2,"column":80}},"2":{"start":{"line":10,"column":15},"end":{"line":39,"column":1}},"3":{"start":{"line":11,"column":83},"end":{"line":11,"column":91}},"4":{"start":{"line":13,"column":2},"end":{"line":38,"column":3}},"5":{"start":{"line":14,"column":25},"end":{"line":23,"column":6}},"6":{"start":{"line":25,"column":4},"end":{"line":25,"column":51}},"7":{"start":{"line":27,"column":4},"end":{"line":31,"column":7}},"8":{"start":{"line":33,"column":4},"end":{"line":37,"column":7}},"9":{"start":{"line":41,"column":0},"end":{"line":41,"column":28}}},"fnMap":{"0":{"name":"(anonymous_0)","decl":{"start":{"line":10,"column":15},"end":{"line":10,"column":16}},"loc":{"start":{"line":10,"column":46},"end":{"line":39,"column":1}},"line":10}},"branchMap":{"0":{"loc":{"start":{"line":10,"column":27},"end":{"line":10,"column":41}},"type":"default-arg","locations":[{"start":{"line":10,"column":33},"end":{"line":10,"column":41}}],"line":10}},"s":{"0":1,"1":1,"2":1,"3":0,"4":0,"5":0,"6":0,"7":0,"8":0,"9":1},"f":{"0":0},"b":{"0":[0]},"_coverageSchema":"1a1c01bbd47fc00a2c39e90264f33305004495a9","hash":"5b0483b83707f825faa3bff5f79d8b6052df979b"}
,"C:\\Dev\\NodeJS - Mindhub - NaranjaX\\My Itinerary\\server\\controllers\\itinerary\\getItinerary\\getItineraries.js": {"path":"C:\\Dev\\NodeJS - Mindhub - NaranjaX\\My Itinerary\\server\\controllers\\itinerary\\getItinerary\\getItineraries.js","statementMap":{"0":{"start":{"line":1,"column":28},"end":{"line":1,"column":80}},"1":{"start":{"line":2,"column":21},"end":{"line":2,"column":50}},"2":{"start":{"line":10,"column":23},"end":{"line":34,"column":1}},"3":{"start":{"line":11,"column":2},"end":{"line":33,"column":3}},"4":{"start":{"line":12,"column":26},"end":{"line":12,"column":60}},"5":{"start":{"line":14,"column":4},"end":{"line":20,"column":5}},"6":{"start":{"line":15,"column":6},"end":{"line":19,"column":9}},"7":{"start":{"line":22,"column":4},"end":{"line":26,"column":7}},"8":{"start":{"line":28,"column":4},"end":{"line":32,"column":7}},"9":{"start":{"line":42,"column":31},"end":{"line":67,"column":1}},"10":{"start":{"line":43,"column":17},"end":{"line":43,"column":27}},"11":{"start":{"line":44,"column":2},"end":{"line":66,"column":3}},"12":{"start":{"line":45,"column":26},"end":{"line":45,"column":67}},"13":{"start":{"line":47,"column":4},"end":{"line":53,"column":5}},"14":{"start":{"line":48,"column":6},"end":{"line":52,"column":9}},"15":{"start":{"line":55,"column":4},"end":{"line":59,"column":7}},"16":{"start":{"line":61,"column":4},"end":{"line":65,"column":7}},"17":{"start":{"line":69,"column":0},"end":{"line":72,"column":2}}},"fnMap":{"0":{"name":"(anonymous_0)","decl":{"start":{"line":10,"column":23},"end":{"line":10,"column":24}},"loc":{"start":{"line":10,"column":54},"end":{"line":34,"column":1}},"line":10},"1":{"name":"(anonymous_1)","decl":{"start":{"line":42,"column":31},"end":{"line":42,"column":32}},"loc":{"start":{"line":42,"column":62},"end":{"line":67,"column":1}},"line":42}},"branchMap":{"0":{"loc":{"start":{"line":10,"column":35},"end":{"line":10,"column":49}},"type":"default-arg","locations":[{"start":{"line":10,"column":41},"end":{"line":10,"column":49}}],"line":10},"1":{"loc":{"start":{"line":14,"column":4},"end":{"line":20,"column":5}},"type":"if","locations":[{"start":{"line":14,"column":4},"end":{"line":20,"column":5}},{"start":{"line":14,"column":4},"end":{"line":20,"column":5}}],"line":14},"2":{"loc":{"start":{"line":42,"column":43},"end":{"line":42,"column":57}},"type":"default-arg","locations":[{"start":{"line":42,"column":49},"end":{"line":42,"column":57}}],"line":42},"3":{"loc":{"start":{"line":47,"column":4},"end":{"line":53,"column":5}},"type":"if","locations":[{"start":{"line":47,"column":4},"end":{"line":53,"column":5}},{"start":{"line":47,"column":4},"end":{"line":53,"column":5}}],"line":47}},"s":{"0":1,"1":1,"2":1,"3":0,"4":0,"5":0,"6":0,"7":0,"8":0,"9":1,"10":0,"11":0,"12":0,"13":0,"14":0,"15":0,"16":0,"17":1},"f":{"0":0,"1":0},"b":{"0":[0],"1":[0,0],"2":[0],"3":[0,0]},"_coverageSchema":"1a1c01bbd47fc00a2c39e90264f33305004495a9","hash":"008053123a1d08f5752999ec4d333ceb67ba210e"}
,"C:\\Dev\\NodeJS - Mindhub - NaranjaX\\My Itinerary\\server\\controllers\\itinerary\\itineraryActions\\itineraryActions.js": {"path":"C:\\Dev\\NodeJS - Mindhub - NaranjaX\\My Itinerary\\server\\controllers\\itinerary\\itineraryActions\\itineraryActions.js","statementMap":{"0":{"start":{"line":1,"column":28},"end":{"line":1,"column":80}},"1":{"start":{"line":2,"column":21},"end":{"line":2,"column":50}},"2":{"start":{"line":10,"column":35},"end":{"line":50,"column":1}},"3":{"start":{"line":11,"column":17},"end":{"line":11,"column":27}},"4":{"start":{"line":12,"column":19},"end":{"line":12,"column":22}},"5":{"start":{"line":14,"column":2},"end":{"line":49,"column":3}},"6":{"start":{"line":15,"column":24},"end":{"line":15,"column":60}},"7":{"start":{"line":16,"column":22},"end":{"line":16,"column":74}},"8":{"start":{"line":17,"column":23},"end":{"line":17,"column":34}},"9":{"start":{"line":18,"column":21},"end":{"line":18,"column":23}},"10":{"start":{"line":20,"column":4},"end":{"line":26,"column":5}},"11":{"start":{"line":21,"column":6},"end":{"line":25,"column":9}},"12":{"start":{"line":29,"column":4},"end":{"line":33,"column":7}},"13":{"start":{"line":30,"column":6},"end":{"line":32,"column":7}},"14":{"start":{"line":31,"column":8},"end":{"line":31,"column":37}},"15":{"start":{"line":35,"column":4},"end":{"line":42,"column":7}},"16":{"start":{"line":44,"column":4},"end":{"line":48,"column":7}},"17":{"start":{"line":59,"column":23},"end":{"line":108,"column":1}},"18":{"start":{"line":60,"column":17},"end":{"line":60,"column":27}},"19":{"start":{"line":61,"column":19},"end":{"line":61,"column":27}},"20":{"start":{"line":62,"column":19},"end":{"line":62,"column":22}},"21":{"start":{"line":63,"column":19},"end":{"line":63,"column":21}},"22":{"start":{"line":65,"column":2},"end":{"line":107,"column":3}},"23":{"start":{"line":66,"column":24},"end":{"line":66,"column":60}},"24":{"start":{"line":68,"column":4},"end":{"line":74,"column":5}},"25":{"start":{"line":69,"column":6},"end":{"line":73,"column":9}},"26":{"start":{"line":76,"column":23},"end":{"line":76,"column":34}},"27":{"start":{"line":78,"column":23},"end":{"line":83,"column":5}},"28":{"start":{"line":85,"column":4},"end":{"line":85,"column":30}},"29":{"start":{"line":87,"column":4},"end":{"line":91,"column":7}},"30":{"start":{"line":88,"column":6},"end":{"line":90,"column":7}},"31":{"start":{"line":89,"column":8},"end":{"line":89,"column":37}},"32":{"start":{"line":93,"column":4},"end":{"line":93,"column":53}},"33":{"start":{"line":95,"column":4},"end":{"line":100,"column":7}},"34":{"start":{"line":102,"column":4},"end":{"line":106,"column":7}},"35":{"start":{"line":117,"column":22},"end":{"line":152,"column":1}},"36":{"start":{"line":118,"column":2},"end":{"line":151,"column":3}},"37":{"start":{"line":119,"column":19},"end":{"line":119,"column":29}},"38":{"start":{"line":120,"column":21},"end":{"line":120,"column":24}},"39":{"start":{"line":123,"column":24},"end":{"line":123,"column":81}},"40":{"start":{"line":125,"column":4},"end":{"line":131,"column":5}},"41":{"start":{"line":126,"column":6},"end":{"line":130,"column":9}},"42":{"start":{"line":133,"column":23},"end":{"line":133,"column":34}},"43":{"start":{"line":136,"column":4},"end":{"line":136,"column":100}},"44":{"start":{"line":136,"column":44},"end":{"line":136,"column":98}},"45":{"start":{"line":138,"column":4},"end":{"line":138,"column":66}},"46":{"start":{"line":140,"column":4},"end":{"line":144,"column":7}},"47":{"start":{"line":146,"column":4},"end":{"line":150,"column":7}},"48":{"start":{"line":161,"column":22},"end":{"line":191,"column":1}},"49":{"start":{"line":162,"column":2},"end":{"line":190,"column":3}},"50":{"start":{"line":163,"column":19},"end":{"line":163,"column":29}},"51":{"start":{"line":164,"column":21},"end":{"line":164,"column":24}},"52":{"start":{"line":165,"column":21},"end":{"line":165,"column":29}},"53":{"start":{"line":167,"column":22},"end":{"line":167,"column":79}},"54":{"start":{"line":169,"column":4},"end":{"line":175,"column":5}},"55":{"start":{"line":170,"column":6},"end":{"line":174,"column":9}},"56":{"start":{"line":177,"column":4},"end":{"line":177,"column":68}},"57":{"start":{"line":179,"column":4},"end":{"line":183,"column":7}},"58":{"start":{"line":185,"column":4},"end":{"line":189,"column":7}},"59":{"start":{"line":199,"column":22},"end":{"line":233,"column":1}},"60":{"start":{"line":200,"column":2},"end":{"line":232,"column":3}},"61":{"start":{"line":201,"column":21},"end":{"line":201,"column":24}},"62":{"start":{"line":202,"column":19},"end":{"line":202,"column":29}},"63":{"start":{"line":205,"column":22},"end":{"line":205,"column":74}},"64":{"start":{"line":206,"column":19},"end":{"line":206,"column":48}},"65":{"start":{"line":209,"column":22},"end":{"line":209,"column":67}},"66":{"start":{"line":210,"column":21},"end":{"line":210,"column":54}},"67":{"start":{"line":213,"column":4},"end":{"line":213,"column":64}},"68":{"start":{"line":214,"column":30},"end":{"line":214,"column":81}},"69":{"start":{"line":216,"column":4},"end":{"line":225,"column":5}},"70":{"start":{"line":217,"column":6},"end":{"line":224,"column":9}},"71":{"start":{"line":227,"column":4},"end":{"line":231,"column":7}},"72":{"start":{"line":235,"column":0},"end":{"line":235,"column":109}}},"fnMap":{"0":{"name":"(anonymous_0)","decl":{"start":{"line":10,"column":35},"end":{"line":10,"column":36}},"loc":{"start":{"line":10,"column":66},"end":{"line":50,"column":1}},"line":10},"1":{"name":"(anonymous_1)","decl":{"start":{"line":29,"column":21},"end":{"line":29,"column":22}},"loc":{"start":{"line":29,"column":34},"end":{"line":33,"column":5}},"line":29},"2":{"name":"(anonymous_2)","decl":{"start":{"line":59,"column":23},"end":{"line":59,"column":24}},"loc":{"start":{"line":59,"column":54},"end":{"line":108,"column":1}},"line":59},"3":{"name":"(anonymous_3)","decl":{"start":{"line":87,"column":21},"end":{"line":87,"column":22}},"loc":{"start":{"line":87,"column":34},"end":{"line":91,"column":5}},"line":87},"4":{"name":"(anonymous_4)","decl":{"start":{"line":117,"column":22},"end":{"line":117,"column":23}},"loc":{"start":{"line":117,"column":53},"end":{"line":152,"column":1}},"line":117},"5":{"name":"(anonymous_5)","decl":{"start":{"line":136,"column":31},"end":{"line":136,"column":32}},"loc":{"start":{"line":136,"column":44},"end":{"line":136,"column":98}},"line":136},"6":{"name":"(anonymous_6)","decl":{"start":{"line":161,"column":22},"end":{"line":161,"column":23}},"loc":{"start":{"line":161,"column":53},"end":{"line":191,"column":1}},"line":161},"7":{"name":"(anonymous_7)","decl":{"start":{"line":199,"column":22},"end":{"line":199,"column":23}},"loc":{"start":{"line":199,"column":53},"end":{"line":233,"column":1}},"line":199}},"branchMap":{"0":{"loc":{"start":{"line":10,"column":47},"end":{"line":10,"column":61}},"type":"default-arg","locations":[{"start":{"line":10,"column":53},"end":{"line":10,"column":61}}],"line":10},"1":{"loc":{"start":{"line":20,"column":4},"end":{"line":26,"column":5}},"type":"if","locations":[{"start":{"line":20,"column":4},"end":{"line":26,"column":5}},{"start":{"line":20,"column":4},"end":{"line":26,"column":5}}],"line":20},"2":{"loc":{"start":{"line":30,"column":6},"end":{"line":32,"column":7}},"type":"if","locations":[{"start":{"line":30,"column":6},"end":{"line":32,"column":7}},{"start":{"line":30,"column":6},"end":{"line":32,"column":7}}],"line":30},"3":{"loc":{"start":{"line":59,"column":35},"end":{"line":59,"column":49}},"type":"default-arg","locations":[{"start":{"line":59,"column":41},"end":{"line":59,"column":49}}],"line":59},"4":{"loc":{"start":{"line":68,"column":4},"end":{"line":74,"column":5}},"type":"if","locations":[{"start":{"line":68,"column":4},"end":{"line":74,"column":5}},{"start":{"line":68,"column":4},"end":{"line":74,"column":5}}],"line":68},"5":{"loc":{"start":{"line":88,"column":6},"end":{"line":90,"column":7}},"type":"if","locations":[{"start":{"line":88,"column":6},"end":{"line":90,"column":7}},{"start":{"line":88,"column":6},"end":{"line":90,"column":7}}],"line":88},"6":{"loc":{"start":{"line":117,"column":34},"end":{"line":117,"column":48}},"type":"default-arg","locations":[{"start":{"line":117,"column":40},"end":{"line":117,"column":48}}],"line":117},"7":{"loc":{"start":{"line":125,"column":4},"end":{"line":131,"column":5}},"type":"if","locations":[{"start":{"line":125,"column":4},"end":{"line":131,"column":5}},{"start":{"line":125,"column":4},"end":{"line":131,"column":5}}],"line":125},"8":{"loc":{"start":{"line":161,"column":34},"end":{"line":161,"column":48}},"type":"default-arg","locations":[{"start":{"line":161,"column":40},"end":{"line":161,"column":48}}],"line":161},"9":{"loc":{"start":{"line":169,"column":4},"end":{"line":175,"column":5}},"type":"if","locations":[{"start":{"line":169,"column":4},"end":{"line":175,"column":5}},{"start":{"line":169,"column":4},"end":{"line":175,"column":5}}],"line":169},"10":{"loc":{"start":{"line":199,"column":34},"end":{"line":199,"column":48}},"type":"default-arg","locations":[{"start":{"line":199,"column":40},"end":{"line":199,"column":48}}],"line":199},"11":{"loc":{"start":{"line":206,"column":19},"end":{"line":206,"column":48}},"type":"cond-expr","locations":[{"start":{"line":206,"column":31},"end":{"line":206,"column":38}},{"start":{"line":206,"column":41},"end":{"line":206,"column":48}}],"line":206},"12":{"loc":{"start":{"line":209,"column":22},"end":{"line":209,"column":67}},"type":"binary-expr","locations":[{"start":{"line":209,"column":23},"end":{"line":209,"column":61}},{"start":{"line":209,"column":66},"end":{"line":209,"column":67}}],"line":209},"13":{"loc":{"start":{"line":210,"column":21},"end":{"line":210,"column":54}},"type":"cond-expr","locations":[{"start":{"line":210,"column":33},"end":{"line":210,"column":42}},{"start":{"line":210,"column":45},"end":{"line":210,"column":54}}],"line":210},"14":{"loc":{"start":{"line":216,"column":4},"end":{"line":225,"column":5}},"type":"if","locations":[{"start":{"line":216,"column":4},"end":{"line":225,"column":5}},{"start":{"line":216,"column":4},"end":{"line":225,"column":5}}],"line":216}},"s":{"0":1,"1":1,"2":1,"3":0,"4":0,"5":0,"6":0,"7":0,"8":0,"9":0,"10":0,"11":0,"12":0,"13":0,"14":0,"15":0,"16":0,"17":1,"18":0,"19":0,"20":0,"21":0,"22":0,"23":0,"24":0,"25":0,"26":0,"27":0,"28":0,"29":0,"30":0,"31":0,"32":0,"33":0,"34":0,"35":1,"36":0,"37":0,"38":0,"39":0,"40":0,"41":0,"42":0,"43":0,"44":0,"45":0,"46":0,"47":0,"48":1,"49":0,"50":0,"51":0,"52":0,"53":0,"54":0,"55":0,"56":0,"57":0,"58":0,"59":1,"60":0,"61":0,"62":0,"63":0,"64":0,"65":0,"66":0,"67":0,"68":0,"69":0,"70":0,"71":0,"72":1},"f":{"0":0,"1":0,"2":0,"3":0,"4":0,"5":0,"6":0,"7":0},"b":{"0":[0],"1":[0,0],"2":[0,0],"3":[0],"4":[0,0],"5":[0,0],"6":[0],"7":[0,0],"8":[0],"9":[0,0],"10":[0],"11":[0,0],"12":[0,0],"13":[0,0],"14":[0,0]},"_coverageSchema":"1a1c01bbd47fc00a2c39e90264f33305004495a9","hash":"65a078d394b44a28780552bb21abc11f79a82968"}
,"C:\\Dev\\NodeJS - Mindhub - NaranjaX\\My Itinerary\\server\\controllers\\user\\userController.js": {"path":"C:\\Dev\\NodeJS - Mindhub - NaranjaX\\My Itinerary\\server\\controllers\\user\\userController.js","statementMap":{"0":{"start":{"line":1,"column":12},"end":{"line":1,"column":42}},"1":{"start":{"line":2,"column":15},"end":{"line":2,"column":49}},"2":{"start":{"line":3,"column":14},"end":{"line":3,"column":38}},"3":{"start":{"line":5,"column":0},"end":{"line":5,"column":40}}},"fnMap":{},"branchMap":{},"s":{"0":1,"1":1,"2":1,"3":1},"f":{},"b":{},"_coverageSchema":"1a1c01bbd47fc00a2c39e90264f33305004495a9","hash":"fb824b0860fc34386a28d68e7a8ee07ecb781f4a"}
,"C:\\Dev\\NodeJS - Mindhub - NaranjaX\\My Itinerary\\server\\controllers\\user\\userModule.js": {"path":"C:\\Dev\\NodeJS - Mindhub - NaranjaX\\My Itinerary\\server\\controllers\\user\\userModule.js","statementMap":{"0":{"start":{"line":2,"column":13},"end":{"line":2,"column":46}},"1":{"start":{"line":3,"column":29},"end":{"line":3,"column":47}},"2":{"start":{"line":5,"column":0},"end":{"line":9,"column":2}}},"fnMap":{},"branchMap":{},"s":{"0":1,"1":1,"2":1},"f":{},"b":{},"_coverageSchema":"1a1c01bbd47fc00a2c39e90264f33305004495a9","hash":"7cdb6a51e5b6b7acc7f15840de1e3d8a04961244"}
,"C:\\Dev\\NodeJS - Mindhub - NaranjaX\\My Itinerary\\server\\controllers\\user\\createUser\\createUser.js": {"path":"C:\\Dev\\NodeJS - Mindhub - NaranjaX\\My Itinerary\\server\\controllers\\user\\createUser\\createUser.js","statementMap":{"0":{"start":{"line":1,"column":23},"end":{"line":1,"column":70}},"1":{"start":{"line":2,"column":15},"end":{"line":2,"column":32}},"2":{"start":{"line":3,"column":12},"end":{"line":3,"column":35}},"3":{"start":{"line":5,"column":27},"end":{"line":5,"column":51}},"4":{"start":{"line":6,"column":23},"end":{"line":6,"column":54}},"5":{"start":{"line":7,"column":29},"end":{"line":7,"column":57}},"6":{"start":{"line":16,"column":15},"end":{"line":90,"column":1}},"7":{"start":{"line":17,"column":75},"end":{"line":17,"column":83}},"8":{"start":{"line":19,"column":2},"end":{"line":89,"column":3}},"9":{"start":{"line":21,"column":24},"end":{"line":21,"column":45}},"10":{"start":{"line":23,"column":4},"end":{"line":29,"column":5}},"11":{"start":{"line":24,"column":6},"end":{"line":28,"column":9}},"12":{"start":{"line":32,"column":17},"end":{"line":32,"column":58}},"13":{"start":{"line":34,"column":4},"end":{"line":40,"column":5}},"14":{"start":{"line":35,"column":6},"end":{"line":39,"column":9}},"15":{"start":{"line":43,"column":20},"end":{"line":50,"column":6}},"16":{"start":{"line":52,"column":21},"end":{"line":52,"column":57}},"17":{"start":{"line":54,"column":20},"end":{"line":54,"column":42}},"18":{"start":{"line":55,"column":20},"end":{"line":59,"column":5}},"19":{"start":{"line":62,"column":4},"end":{"line":82,"column":7}},"20":{"start":{"line":63,"column":6},"end":{"line":81,"column":7}},"21":{"start":{"line":64,"column":8},"end":{"line":70,"column":11}},"22":{"start":{"line":72,"column":8},"end":{"line":80,"column":11}},"23":{"start":{"line":84,"column":4},"end":{"line":88,"column":7}},"24":{"start":{"line":92,"column":0},"end":{"line":92,"column":28}}},"fnMap":{"0":{"name":"(anonymous_0)","decl":{"start":{"line":16,"column":15},"end":{"line":16,"column":16}},"loc":{"start":{"line":16,"column":46},"end":{"line":90,"column":1}},"line":16},"1":{"name":"(anonymous_1)","decl":{"start":{"line":62,"column":43},"end":{"line":62,"column":44}},"loc":{"start":{"line":62,"column":59},"end":{"line":82,"column":5}},"line":62}},"branchMap":{"0":{"loc":{"start":{"line":16,"column":27},"end":{"line":16,"column":41}},"type":"default-arg","locations":[{"start":{"line":16,"column":33},"end":{"line":16,"column":41}}],"line":16},"1":{"loc":{"start":{"line":23,"column":4},"end":{"line":29,"column":5}},"type":"if","locations":[{"start":{"line":23,"column":4},"end":{"line":29,"column":5}},{"start":{"line":23,"column":4},"end":{"line":29,"column":5}}],"line":23},"2":{"loc":{"start":{"line":34,"column":4},"end":{"line":40,"column":5}},"type":"if","locations":[{"start":{"line":34,"column":4},"end":{"line":40,"column":5}},{"start":{"line":34,"column":4},"end":{"line":40,"column":5}}],"line":34},"3":{"loc":{"start":{"line":63,"column":6},"end":{"line":81,"column":7}},"type":"if","locations":[{"start":{"line":63,"column":6},"end":{"line":81,"column":7}},{"start":{"line":63,"column":6},"end":{"line":81,"column":7}}],"line":63}},"s":{"0":1,"1":1,"2":1,"3":1,"4":1,"5":1,"6":1,"7":0,"8":0,"9":0,"10":0,"11":0,"12":0,"13":0,"14":0,"15":0,"16":0,"17":0,"18":0,"19":0,"20":0,"21":0,"22":0,"23":0,"24":1},"f":{"0":0,"1":0},"b":{"0":[0],"1":[0,0],"2":[0,0],"3":[0,0]},"_coverageSchema":"1a1c01bbd47fc00a2c39e90264f33305004495a9","hash":"c1b6e910ae18cf9f14e4b2ae6b4e0c3de9f8b1a9"}
,"C:\\Dev\\NodeJS - Mindhub - NaranjaX\\My Itinerary\\server\\controllers\\user\\getUsers\\getUsers.js": {"path":"C:\\Dev\\NodeJS - Mindhub - NaranjaX\\My Itinerary\\server\\controllers\\user\\getUsers\\getUsers.js","statementMap":{"0":{"start":{"line":1,"column":23},"end":{"line":1,"column":70}},"1":{"start":{"line":2,"column":21},"end":{"line":2,"column":45}},"2":{"start":{"line":10,"column":17},"end":{"line":34,"column":1}},"3":{"start":{"line":11,"column":2},"end":{"line":33,"column":3}},"4":{"start":{"line":12,"column":20},"end":{"line":12,"column":49}},"5":{"start":{"line":14,"column":4},"end":{"line":20,"column":5}},"6":{"start":{"line":15,"column":6},"end":{"line":19,"column":9}},"7":{"start":{"line":22,"column":4},"end":{"line":26,"column":7}},"8":{"start":{"line":28,"column":4},"end":{"line":32,"column":7}},"9":{"start":{"line":36,"column":0},"end":{"line":38,"column":2}}},"fnMap":{"0":{"name":"(anonymous_0)","decl":{"start":{"line":10,"column":17},"end":{"line":10,"column":18}},"loc":{"start":{"line":10,"column":48},"end":{"line":34,"column":1}},"line":10}},"branchMap":{"0":{"loc":{"start":{"line":10,"column":29},"end":{"line":10,"column":43}},"type":"default-arg","locations":[{"start":{"line":10,"column":35},"end":{"line":10,"column":43}}],"line":10},"1":{"loc":{"start":{"line":14,"column":4},"end":{"line":20,"column":5}},"type":"if","locations":[{"start":{"line":14,"column":4},"end":{"line":20,"column":5}},{"start":{"line":14,"column":4},"end":{"line":20,"column":5}}],"line":14}},"s":{"0":1,"1":1,"2":1,"3":0,"4":0,"5":0,"6":0,"7":0,"8":0,"9":1},"f":{"0":0},"b":{"0":[0],"1":[0,0]},"_coverageSchema":"1a1c01bbd47fc00a2c39e90264f33305004495a9","hash":"aef66f6d19e3d9d58f1dfbf84f76a462b9da8a1e"}
,"C:\\Dev\\NodeJS - Mindhub - NaranjaX\\My Itinerary\\server\\controllers\\user\\login\\login.js": {"path":"C:\\Dev\\NodeJS - Mindhub - NaranjaX\\My Itinerary\\server\\controllers\\user\\login\\login.js","statementMap":{"0":{"start":{"line":1,"column":23},"end":{"line":1,"column":70}},"1":{"start":{"line":2,"column":15},"end":{"line":2,"column":32}},"2":{"start":{"line":3,"column":12},"end":{"line":3,"column":35}},"3":{"start":{"line":4,"column":21},"end":{"line":4,"column":45}},"4":{"start":{"line":5,"column":23},"end":{"line":5,"column":54}},"5":{"start":{"line":14,"column":14},"end":{"line":70,"column":1}},"6":{"start":{"line":15,"column":30},"end":{"line":15,"column":38}},"7":{"start":{"line":17,"column":2},"end":{"line":69,"column":3}},"8":{"start":{"line":19,"column":19},"end":{"line":19,"column":61}},"9":{"start":{"line":21,"column":4},"end":{"line":26,"column":5}},"10":{"start":{"line":22,"column":6},"end":{"line":25,"column":9}},"11":{"start":{"line":29,"column":28},"end":{"line":29,"column":75}},"12":{"start":{"line":31,"column":4},"end":{"line":62,"column":5}},"13":{"start":{"line":32,"column":22},"end":{"line":32,"column":44}},"14":{"start":{"line":33,"column":22},"end":{"line":33,"column":94}},"15":{"start":{"line":36,"column":6},"end":{"line":56,"column":9}},"16":{"start":{"line":37,"column":8},"end":{"line":55,"column":9}},"17":{"start":{"line":38,"column":10},"end":{"line":44,"column":13}},"18":{"start":{"line":46,"column":10},"end":{"line":54,"column":13}},"19":{"start":{"line":58,"column":6},"end":{"line":61,"column":9}},"20":{"start":{"line":64,"column":4},"end":{"line":68,"column":7}},"21":{"start":{"line":79,"column":26},"end":{"line":128,"column":1}},"22":{"start":{"line":80,"column":19},"end":{"line":80,"column":27}},"23":{"start":{"line":82,"column":2},"end":{"line":127,"column":3}},"24":{"start":{"line":84,"column":19},"end":{"line":84,"column":60}},"25":{"start":{"line":85,"column":4},"end":{"line":90,"column":5}},"26":{"start":{"line":86,"column":6},"end":{"line":89,"column":9}},"27":{"start":{"line":92,"column":20},"end":{"line":92,"column":42}},"28":{"start":{"line":93,"column":20},"end":{"line":97,"column":5}},"29":{"start":{"line":100,"column":4},"end":{"line":120,"column":7}},"30":{"start":{"line":101,"column":6},"end":{"line":119,"column":7}},"31":{"start":{"line":102,"column":8},"end":{"line":108,"column":11}},"32":{"start":{"line":110,"column":8},"end":{"line":118,"column":11}},"33":{"start":{"line":122,"column":4},"end":{"line":126,"column":7}},"34":{"start":{"line":130,"column":0},"end":{"line":130,"column":46}}},"fnMap":{"0":{"name":"(anonymous_0)","decl":{"start":{"line":14,"column":14},"end":{"line":14,"column":15}},"loc":{"start":{"line":14,"column":45},"end":{"line":70,"column":1}},"line":14},"1":{"name":"(anonymous_1)","decl":{"start":{"line":36,"column":45},"end":{"line":36,"column":46}},"loc":{"start":{"line":36,"column":61},"end":{"line":56,"column":7}},"line":36},"2":{"name":"(anonymous_2)","decl":{"start":{"line":79,"column":26},"end":{"line":79,"column":27}},"loc":{"start":{"line":79,"column":57},"end":{"line":128,"column":1}},"line":79},"3":{"name":"(anonymous_3)","decl":{"start":{"line":100,"column":43},"end":{"line":100,"column":44}},"loc":{"start":{"line":100,"column":59},"end":{"line":120,"column":5}},"line":100}},"branchMap":{"0":{"loc":{"start":{"line":14,"column":26},"end":{"line":14,"column":40}},"type":"default-arg","locations":[{"start":{"line":14,"column":32},"end":{"line":14,"column":40}}],"line":14},"1":{"loc":{"start":{"line":21,"column":4},"end":{"line":26,"column":5}},"type":"if","locations":[{"start":{"line":21,"column":4},"end":{"line":26,"column":5}},{"start":{"line":21,"column":4},"end":{"line":26,"column":5}}],"line":21},"2":{"loc":{"start":{"line":31,"column":4},"end":{"line":62,"column":5}},"type":"if","locations":[{"start":{"line":31,"column":4},"end":{"line":62,"column":5}},{"start":{"line":31,"column":4},"end":{"line":62,"column":5}}],"line":31},"3":{"loc":{"start":{"line":37,"column":8},"end":{"line":55,"column":9}},"type":"if","locations":[{"start":{"line":37,"column":8},"end":{"line":55,"column":9}},{"start":{"line":37,"column":8},"end":{"line":55,"column":9}}],"line":37},"4":{"loc":{"start":{"line":79,"column":38},"end":{"line":79,"column":52}},"type":"default-arg","locations":[{"start":{"line":79,"column":44},"end":{"line":79,"column":52}}],"line":79},"5":{"loc":{"start":{"line":85,"column":4},"end":{"line":90,"column":5}},"type":"if","locations":[{"start":{"line":85,"column":4},"end":{"line":90,"column":5}},{"start":{"line":85,"column":4},"end":{"line":90,"column":5}}],"line":85},"6":{"loc":{"start":{"line":101,"column":6},"end":{"line":119,"column":7}},"type":"if","locations":[{"start":{"line":101,"column":6},"end":{"line":119,"column":7}},{"start":{"line":101,"column":6},"end":{"line":119,"column":7}}],"line":101}},"s":{"0":1,"1":1,"2":1,"3":1,"4":1,"5":1,"6":0,"7":0,"8":0,"9":0,"10":0,"11":0,"12":0,"13":0,"14":0,"15":0,"16":0,"17":0,"18":0,"19":0,"20":0,"21":1,"22":0,"23":0,"24":0,"25":0,"26":0,"27":0,"28":0,"29":0,"30":0,"31":0,"32":0,"33":0,"34":1},"f":{"0":0,"1":0,"2":0,"3":0},"b":{"0":[0],"1":[0,0],"2":[0,0],"3":[0,0],"4":[0],"5":[0,0],"6":[0,0]},"_coverageSchema":"1a1c01bbd47fc00a2c39e90264f33305004495a9","hash":"b21d97ec1342c2ef8021e7987bed7eed69a2c3dc"}
,"C:\\Dev\\NodeJS - Mindhub - NaranjaX\\My Itinerary\\server\\models\\cityModel.js": {"path":"C:\\Dev\\NodeJS - Mindhub - NaranjaX\\My Itinerary\\server\\models\\cityModel.js","statementMap":{"0":{"start":{"line":1,"column":17},"end":{"line":1,"column":36}},"1":{"start":{"line":3,"column":20},"end":{"line":17,"column":2}},"2":{"start":{"line":19,"column":0},"end":{"line":19,"column":53}}},"fnMap":{},"branchMap":{},"s":{"0":1,"1":1,"2":1},"f":{},"b":{},"_coverageSchema":"1a1c01bbd47fc00a2c39e90264f33305004495a9","hash":"de3181ed50c36beec10a0da43d2781211a90843f"}
,"C:\\Dev\\NodeJS - Mindhub - NaranjaX\\My Itinerary\\server\\models\\ityneraryModel.js": {"path":"C:\\Dev\\NodeJS - Mindhub - NaranjaX\\My Itinerary\\server\\models\\ityneraryModel.js","statementMap":{"0":{"start":{"line":1,"column":17},"end":{"line":1,"column":36}},"1":{"start":{"line":3,"column":25},"end":{"line":66,"column":2}},"2":{"start":{"line":68,"column":0},"end":{"line":68,"column":63}}},"fnMap":{},"branchMap":{},"s":{"0":1,"1":1,"2":1},"f":{},"b":{},"_coverageSchema":"1a1c01bbd47fc00a2c39e90264f33305004495a9","hash":"4f870baf0f600d0f24df64e57708d7243935eb57"}
,"C:\\Dev\\NodeJS - Mindhub - NaranjaX\\My Itinerary\\server\\models\\userModel.js": {"path":"C:\\Dev\\NodeJS - Mindhub - NaranjaX\\My Itinerary\\server\\models\\userModel.js","statementMap":{"0":{"start":{"line":1,"column":17},"end":{"line":1,"column":36}},"1":{"start":{"line":3,"column":20},"end":{"line":28,"column":2}},"2":{"start":{"line":30,"column":0},"end":{"line":30,"column":53}}},"fnMap":{},"branchMap":{},"s":{"0":1,"1":1,"2":1},"f":{},"b":{},"_coverageSchema":"1a1c01bbd47fc00a2c39e90264f33305004495a9","hash":"afbb984b66c52fa2b6132646af2d39c37ece7284"}
,"C:\\Dev\\NodeJS - Mindhub - NaranjaX\\My Itinerary\\server\\repositories\\cityRepository.js": {"path":"C:\\Dev\\NodeJS - Mindhub - NaranjaX\\My Itinerary\\server\\repositories\\cityRepository.js","statementMap":{"0":{"start":{"line":1,"column":13},"end":{"line":1,"column":43}},"1":{"start":{"line":4,"column":15},"end":{"line":4,"column":46}},"2":{"start":{"line":4,"column":27},"end":{"line":4,"column":46}},"3":{"start":{"line":6,"column":15},"end":{"line":6,"column":52}},"4":{"start":{"line":6,"column":29},"end":{"line":6,"column":52}},"5":{"start":{"line":8,"column":23},"end":{"line":8,"column":70}},"6":{"start":{"line":8,"column":39},"end":{"line":8,"column":70}},"7":{"start":{"line":10,"column":14},"end":{"line":10,"column":53}},"8":{"start":{"line":10,"column":26},"end":{"line":10,"column":53}},"9":{"start":{"line":13,"column":15},"end":{"line":18,"column":1}},"10":{"start":{"line":14,"column":2},"end":{"line":17,"column":5}},"11":{"start":{"line":15,"column":4},"end":{"line":15,"column":34}},"12":{"start":{"line":15,"column":13},"end":{"line":15,"column":34}},"13":{"start":{"line":16,"column":4},"end":{"line":16,"column":18}},"14":{"start":{"line":20,"column":0},"end":{"line":26,"column":2}}},"fnMap":{"0":{"name":"(anonymous_0)","decl":{"start":{"line":4,"column":15},"end":{"line":4,"column":16}},"loc":{"start":{"line":4,"column":27},"end":{"line":4,"column":46}},"line":4},"1":{"name":"(anonymous_1)","decl":{"start":{"line":6,"column":15},"end":{"line":6,"column":16}},"loc":{"start":{"line":6,"column":29},"end":{"line":6,"column":52}},"line":6},"2":{"name":"(anonymous_2)","decl":{"start":{"line":8,"column":23},"end":{"line":8,"column":24}},"loc":{"start":{"line":8,"column":39},"end":{"line":8,"column":70}},"line":8},"3":{"name":"(anonymous_3)","decl":{"start":{"line":10,"column":14},"end":{"line":10,"column":15}},"loc":{"start":{"line":10,"column":26},"end":{"line":10,"column":53}},"line":10},"4":{"name":"(anonymous_4)","decl":{"start":{"line":13,"column":15},"end":{"line":13,"column":16}},"loc":{"start":{"line":13,"column":34},"end":{"line":18,"column":1}},"line":13},"5":{"name":"(anonymous_5)","decl":{"start":{"line":14,"column":21},"end":{"line":14,"column":22}},"loc":{"start":{"line":14,"column":38},"end":{"line":17,"column":3}},"line":14}},"branchMap":{"0":{"loc":{"start":{"line":15,"column":4},"end":{"line":15,"column":34}},"type":"if","locations":[{"start":{"line":15,"column":4},"end":{"line":15,"column":34}},{"start":{"line":15,"column":4},"end":{"line":15,"column":34}}],"line":15}},"s":{"0":1,"1":1,"2":1,"3":1,"4":0,"5":1,"6":0,"7":1,"8":1,"9":1,"10":0,"11":0,"12":0,"13":0,"14":1},"f":{"0":1,"1":0,"2":0,"3":1,"4":0,"5":0},"b":{"0":[0,0]},"_coverageSchema":"1a1c01bbd47fc00a2c39e90264f33305004495a9","hash":"68dffcb394d1d5b552c3547cb68ba64a9c74cf00"}
,"C:\\Dev\\NodeJS - Mindhub - NaranjaX\\My Itinerary\\server\\repositories\\itineraryRepository.js": {"path":"C:\\Dev\\NodeJS - Mindhub - NaranjaX\\My Itinerary\\server\\repositories\\itineraryRepository.js","statementMap":{"0":{"start":{"line":1,"column":18},"end":{"line":1,"column":53}},"1":{"start":{"line":4,"column":15},"end":{"line":4,"column":51}},"2":{"start":{"line":4,"column":27},"end":{"line":4,"column":51}},"3":{"start":{"line":6,"column":15},"end":{"line":6,"column":57}},"4":{"start":{"line":6,"column":29},"end":{"line":6,"column":57}},"5":{"start":{"line":8,"column":20},"end":{"line":8,"column":78}},"6":{"start":{"line":8,"column":38},"end":{"line":8,"column":78}},"7":{"start":{"line":10,"column":21},"end":{"line":10,"column":98}},"8":{"start":{"line":10,"column":43},"end":{"line":10,"column":98}},"9":{"start":{"line":12,"column":17},"end":{"line":12,"column":70}},"10":{"start":{"line":12,"column":31},"end":{"line":12,"column":70}},"11":{"start":{"line":14,"column":26},"end":{"line":15,"column":76}},"12":{"start":{"line":15,"column":2},"end":{"line":15,"column":76}},"13":{"start":{"line":18,"column":15},"end":{"line":23,"column":1}},"14":{"start":{"line":19,"column":2},"end":{"line":22,"column":5}},"15":{"start":{"line":20,"column":4},"end":{"line":20,"column":34}},"16":{"start":{"line":20,"column":13},"end":{"line":20,"column":34}},"17":{"start":{"line":21,"column":4},"end":{"line":21,"column":23}},"18":{"start":{"line":26,"column":23},"end":{"line":27,"column":72}},"19":{"start":{"line":27,"column":2},"end":{"line":27,"column":72}},"20":{"start":{"line":29,"column":22},"end":{"line":30,"column":112}},"21":{"start":{"line":30,"column":2},"end":{"line":30,"column":112}},"22":{"start":{"line":32,"column":20},"end":{"line":33,"column":76}},"23":{"start":{"line":33,"column":2},"end":{"line":33,"column":76}},"24":{"start":{"line":35,"column":20},"end":{"line":36,"column":84}},"25":{"start":{"line":36,"column":2},"end":{"line":36,"column":84}},"26":{"start":{"line":38,"column":0},"end":{"line":50,"column":2}}},"fnMap":{"0":{"name":"(anonymous_0)","decl":{"start":{"line":4,"column":15},"end":{"line":4,"column":16}},"loc":{"start":{"line":4,"column":27},"end":{"line":4,"column":51}},"line":4},"1":{"name":"(anonymous_1)","decl":{"start":{"line":6,"column":15},"end":{"line":6,"column":16}},"loc":{"start":{"line":6,"column":29},"end":{"line":6,"column":57}},"line":6},"2":{"name":"(anonymous_2)","decl":{"start":{"line":8,"column":20},"end":{"line":8,"column":21}},"loc":{"start":{"line":8,"column":38},"end":{"line":8,"column":78}},"line":8},"3":{"name":"(anonymous_3)","decl":{"start":{"line":10,"column":21},"end":{"line":10,"column":22}},"loc":{"start":{"line":10,"column":43},"end":{"line":10,"column":98}},"line":10},"4":{"name":"(anonymous_4)","decl":{"start":{"line":12,"column":17},"end":{"line":12,"column":18}},"loc":{"start":{"line":12,"column":31},"end":{"line":12,"column":70}},"line":12},"5":{"name":"(anonymous_5)","decl":{"start":{"line":14,"column":26},"end":{"line":14,"column":27}},"loc":{"start":{"line":15,"column":2},"end":{"line":15,"column":76}},"line":15},"6":{"name":"(anonymous_6)","decl":{"start":{"line":18,"column":15},"end":{"line":18,"column":16}},"loc":{"start":{"line":18,"column":39},"end":{"line":23,"column":1}},"line":18},"7":{"name":"(anonymous_7)","decl":{"start":{"line":19,"column":26},"end":{"line":19,"column":27}},"loc":{"start":{"line":19,"column":48},"end":{"line":22,"column":3}},"line":19},"8":{"name":"(anonymous_8)","decl":{"start":{"line":26,"column":23},"end":{"line":26,"column":24}},"loc":{"start":{"line":27,"column":2},"end":{"line":27,"column":72}},"line":27},"9":{"name":"(anonymous_9)","decl":{"start":{"line":29,"column":22},"end":{"line":29,"column":23}},"loc":{"start":{"line":30,"column":2},"end":{"line":30,"column":112}},"line":30},"10":{"name":"(anonymous_10)","decl":{"start":{"line":32,"column":20},"end":{"line":32,"column":21}},"loc":{"start":{"line":33,"column":2},"end":{"line":33,"column":76}},"line":33},"11":{"name":"(anonymous_11)","decl":{"start":{"line":35,"column":20},"end":{"line":35,"column":21}},"loc":{"start":{"line":36,"column":2},"end":{"line":36,"column":84}},"line":36}},"branchMap":{"0":{"loc":{"start":{"line":20,"column":4},"end":{"line":20,"column":34}},"type":"if","locations":[{"start":{"line":20,"column":4},"end":{"line":20,"column":34}},{"start":{"line":20,"column":4},"end":{"line":20,"column":34}}],"line":20}},"s":{"0":1,"1":1,"2":0,"3":1,"4":0,"5":1,"6":0,"7":1,"8":0,"9":1,"10":0,"11":1,"12":0,"13":1,"14":0,"15":0,"16":0,"17":0,"18":1,"19":0,"20":1,"21":0,"22":1,"23":0,"24":1,"25":0,"26":1},"f":{"0":0,"1":0,"2":0,"3":0,"4":0,"5":0,"6":0,"7":0,"8":0,"9":0,"10":0,"11":0},"b":{"0":[0,0]},"_coverageSchema":"1a1c01bbd47fc00a2c39e90264f33305004495a9","hash":"9c747cb291eaebb755b89dcf9a5796b9f30b4c63"}
,"C:\\Dev\\NodeJS - Mindhub - NaranjaX\\My Itinerary\\server\\repositories\\userRepository.js": {"path":"C:\\Dev\\NodeJS - Mindhub - NaranjaX\\My Itinerary\\server\\repositories\\userRepository.js","statementMap":{"0":{"start":{"line":1,"column":13},"end":{"line":1,"column":43}},"1":{"start":{"line":4,"column":15},"end":{"line":4,"column":46}},"2":{"start":{"line":4,"column":27},"end":{"line":4,"column":46}},"3":{"start":{"line":6,"column":23},"end":{"line":6,"column":73}},"4":{"start":{"line":6,"column":39},"end":{"line":6,"column":73}},"5":{"start":{"line":9,"column":15},"end":{"line":9,"column":54}},"6":{"start":{"line":9,"column":34},"end":{"line":9,"column":54}},"7":{"start":{"line":11,"column":0},"end":{"line":15,"column":2}}},"fnMap":{"0":{"name":"(anonymous_0)","decl":{"start":{"line":4,"column":15},"end":{"line":4,"column":16}},"loc":{"start":{"line":4,"column":27},"end":{"line":4,"column":46}},"line":4},"1":{"name":"(anonymous_1)","decl":{"start":{"line":6,"column":23},"end":{"line":6,"column":24}},"loc":{"start":{"line":6,"column":39},"end":{"line":6,"column":73}},"line":6},"2":{"name":"(anonymous_2)","decl":{"start":{"line":9,"column":15},"end":{"line":9,"column":16}},"loc":{"start":{"line":9,"column":34},"end":{"line":9,"column":54}},"line":9}},"branchMap":{},"s":{"0":1,"1":1,"2":0,"3":1,"4":0,"5":1,"6":0,"7":1},"f":{"0":0,"1":0,"2":0},"b":{},"_coverageSchema":"1a1c01bbd47fc00a2c39e90264f33305004495a9","hash":"4fd4198df9fb2b170bf6d6473535ad51a784119e"}
,"C:\\Dev\\NodeJS - Mindhub - NaranjaX\\My Itinerary\\server\\routes\\cities.js": {"path":"C:\\Dev\\NodeJS - Mindhub - NaranjaX\\My Itinerary\\server\\routes\\cities.js","statementMap":{"0":{"start":{"line":1,"column":19},"end":{"line":1,"column":60}},"1":{"start":{"line":2,"column":15},"end":{"line":2,"column":27}},"2":{"start":{"line":3,"column":24},"end":{"line":3,"column":69}},"3":{"start":{"line":4,"column":17},"end":{"line":4,"column":36}},"4":{"start":{"line":7,"column":0},"end":{"line":7,"column":37}},"5":{"start":{"line":8,"column":0},"end":{"line":8,"column":41}},"6":{"start":{"line":11,"column":0},"end":{"line":11,"column":88}},"7":{"start":{"line":13,"column":0},"end":{"line":13,"column":24}}},"fnMap":{},"branchMap":{},"s":{"0":1,"1":1,"2":1,"3":1,"4":1,"5":1,"6":1,"7":1},"f":{},"b":{},"_coverageSchema":"1a1c01bbd47fc00a2c39e90264f33305004495a9","hash":"06891d72c5d46975d9db5bd24db86f82d430bbaa"}
,"C:\\Dev\\NodeJS - Mindhub - NaranjaX\\My Itinerary\\server\\routes\\itineraries.js": {"path":"C:\\Dev\\NodeJS - Mindhub - NaranjaX\\My Itinerary\\server\\routes\\itineraries.js","statementMap":{"0":{"start":{"line":1,"column":19},"end":{"line":1,"column":70}},"1":{"start":{"line":2,"column":15},"end":{"line":2,"column":27}},"2":{"start":{"line":3,"column":17},"end":{"line":3,"column":36}},"3":{"start":{"line":4,"column":33},"end":{"line":4,"column":88}},"4":{"start":{"line":7,"column":0},"end":{"line":7,"column":47}},"5":{"start":{"line":8,"column":0},"end":{"line":8,"column":59}},"6":{"start":{"line":9,"column":0},"end":{"line":9,"column":115}},"7":{"start":{"line":10,"column":0},"end":{"line":10,"column":97}},"8":{"start":{"line":13,"column":0},"end":{"line":13,"column":93}},"9":{"start":{"line":16,"column":0},"end":{"line":16,"column":103}},"10":{"start":{"line":17,"column":0},"end":{"line":17,"column":100}},"11":{"start":{"line":20,"column":0},"end":{"line":20,"column":104}},"12":{"start":{"line":22,"column":0},"end":{"line":22,"column":24}}},"fnMap":{},"branchMap":{},"s":{"0":1,"1":1,"2":1,"3":1,"4":1,"5":1,"6":1,"7":1,"8":1,"9":1,"10":1,"11":1,"12":1},"f":{},"b":{},"_coverageSchema":"1a1c01bbd47fc00a2c39e90264f33305004495a9","hash":"f8b5bf268aaa6cc24a1a0d40b4c2003424b8a9f5"}
,"C:\\Dev\\NodeJS - Mindhub - NaranjaX\\My Itinerary\\server\\routes\\users.js": {"path":"C:\\Dev\\NodeJS - Mindhub - NaranjaX\\My Itinerary\\server\\routes\\users.js","statementMap":{"0":{"start":{"line":1,"column":19},"end":{"line":1,"column":60}},"1":{"start":{"line":2,"column":15},"end":{"line":2,"column":27}},"2":{"start":{"line":3,"column":17},"end":{"line":3,"column":36}},"3":{"start":{"line":4,"column":31},"end":{"line":4,"column":76}},"4":{"start":{"line":5,"column":29},"end":{"line":5,"column":61}},"5":{"start":{"line":8,"column":0},"end":{"line":8,"column":35}},"6":{"start":{"line":11,"column":0},"end":{"line":11,"column":61}},"7":{"start":{"line":14,"column":0},"end":{"line":14,"column":41}},"8":{"start":{"line":15,"column":0},"end":{"line":15,"column":104}},"9":{"start":{"line":17,"column":0},"end":{"line":17,"column":24}}},"fnMap":{},"branchMap":{},"s":{"0":1,"1":1,"2":1,"3":1,"4":1,"5":1,"6":1,"7":1,"8":1,"9":1},"f":{},"b":{},"_coverageSchema":"1a1c01bbd47fc00a2c39e90264f33305004495a9","hash":"a9766dd643d03d4fd920a5cea5b2987ac7e47b01"}
,"C:\\Dev\\NodeJS - Mindhub - NaranjaX\\My Itinerary\\server\\validations\\signup.js": {"path":"C:\\Dev\\NodeJS - Mindhub - NaranjaX\\My Itinerary\\server\\validations\\signup.js","statementMap":{"0":{"start":{"line":1,"column":18},"end":{"line":1,"column":46}},"1":{"start":{"line":3,"column":25},"end":{"line":9,"column":1}},"2":{"start":{"line":11,"column":0},"end":{"line":11,"column":38}}},"fnMap":{},"branchMap":{},"s":{"0":1,"1":1,"2":1},"f":{},"b":{},"_coverageSchema":"1a1c01bbd47fc00a2c39e90264f33305004495a9","hash":"d944b94f85bde8c16d8a4fd9fab6a5fce236d66e"}
}
