{"C:\\Dev\\NodeJS - Mindhub - NaranjaX\\My Itinerary\\server\\app.js": {"path":"C:\\Dev\\NodeJS - Mindhub - NaranjaX\\My Itinerary\\server\\app.js","statementMap":{"0":{"start":{"line":1,"column":16},"end":{"line":1,"column":34}},"1":{"start":{"line":2,"column":12},"end":{"line":2,"column":21}},"2":{"start":{"line":3,"column":13},"end":{"line":3,"column":37}},"3":{"start":{"line":4,"column":13},"end":{"line":4,"column":28}},"4":{"start":{"line":5,"column":25},"end":{"line":5,"column":49}},"5":{"start":{"line":6,"column":17},"end":{"line":6,"column":36}},"6":{"start":{"line":8,"column":0},"end":{"line":8,"column":24}},"7":{"start":{"line":9,"column":0},"end":{"line":9,"column":48}},"8":{"start":{"line":10,"column":0},"end":{"line":10,"column":16}},"9":{"start":{"line":12,"column":0},"end":{"line":12,"column":44}},"10":{"start":{"line":13,"column":0},"end":{"line":13,"column":43}},"11":{"start":{"line":14,"column":0},"end":{"line":14,"column":49}},"12":{"start":{"line":16,"column":0},"end":{"line":19,"column":36}},"13":{"start":{"line":18,"column":14},"end":{"line":18,"column":65}},"14":{"start":{"line":19,"column":18},"end":{"line":19,"column":34}},"15":{"start":{"line":21,"column":0},"end":{"line":21,"column":31}}},"fnMap":{"0":{"name":"(anonymous_0)","decl":{"start":{"line":18,"column":8},"end":{"line":18,"column":9}},"loc":{"start":{"line":18,"column":14},"end":{"line":18,"column":65}},"line":18},"1":{"name":"(anonymous_1)","decl":{"start":{"line":19,"column":9},"end":{"line":19,"column":10}},"loc":{"start":{"line":19,"column":18},"end":{"line":19,"column":34}},"line":19}},"branchMap":{"0":{"loc":{"start":{"line":3,"column":13},"end":{"line":3,"column":37}},"type":"binary-expr","locations":[{"start":{"line":3,"column":13},"end":{"line":3,"column":29}},{"start":{"line":3,"column":33},"end":{"line":3,"column":37}}],"line":3}},"s":{"0":1,"1":1,"2":1,"3":1,"4":1,"5":1,"6":1,"7":1,"8":1,"9":1,"10":1,"11":1,"12":1,"13":1,"14":0,"15":1},"f":{"0":1,"1":0},"b":{"0":[1,1]},"_coverageSchema":"1a1c01bbd47fc00a2c39e90264f33305004495a9","hash":"a38e4a81048ae8213bc2b80b2890df275cd38506"}
,"C:\\Dev\\NodeJS - Mindhub - NaranjaX\\My Itinerary\\server\\config\\keys.js": {"path":"C:\\Dev\\NodeJS - Mindhub - NaranjaX\\My Itinerary\\server\\config\\keys.js","statementMap":{"0":{"start":{"line":1,"column":0},"end":{"line":4,"column":2}}},"fnMap":{},"branchMap":{},"s":{"0":1},"f":{},"b":{},"_coverageSchema":"1a1c01bbd47fc00a2c39e90264f33305004495a9","hash":"9986de8e102774867e40b4b280e2f6316bda0b6f"}
,"C:\\Dev\\NodeJS - Mindhub - NaranjaX\\My Itinerary\\server\\controllers\\city\\cityController.js": {"path":"C:\\Dev\\NodeJS - Mindhub - NaranjaX\\My Itinerary\\server\\controllers\\city\\cityController.js","statementMap":{"0":{"start":{"line":1,"column":12},"end":{"line":1,"column":44}},"1":{"start":{"line":2,"column":15},"end":{"line":2,"column":49}},"2":{"start":{"line":4,"column":0},"end":{"line":4,"column":33}}},"fnMap":{},"branchMap":{},"s":{"0":1,"1":1,"2":1},"f":{},"b":{},"_coverageSchema":"1a1c01bbd47fc00a2c39e90264f33305004495a9","hash":"8e001da29782df98ea9da04447276af6128558b4"}
,"C:\\Dev\\NodeJS - Mindhub - NaranjaX\\My Itinerary\\server\\controllers\\city\\cityModule.js": {"path":"C:\\Dev\\NodeJS - Mindhub - NaranjaX\\My Itinerary\\server\\controllers\\city\\cityModule.js","statementMap":{"0":{"start":{"line":2,"column":29},"end":{"line":2,"column":47}},"1":{"start":{"line":3,"column":13},"end":{"line":3,"column":46}},"2":{"start":{"line":5,"column":0},"end":{"line":9,"column":2}}},"fnMap":{},"branchMap":{},"s":{"0":1,"1":1,"2":1},"f":{},"b":{},"_coverageSchema":"1a1c01bbd47fc00a2c39e90264f33305004495a9","hash":"4db3564f443f91d760ebe8adf687069a99afdfc8"}
,"C:\\Dev\\NodeJS - Mindhub - NaranjaX\\My Itinerary\\server\\controllers\\city\\createCity\\createCity.js": {"path":"C:\\Dev\\NodeJS - Mindhub - NaranjaX\\My Itinerary\\server\\controllers\\city\\createCity\\createCity.js","statementMap":{"0":{"start":{"line":1,"column":27},"end":{"line":1,"column":51}},"1":{"start":{"line":2,"column":23},"end":{"line":2,"column":70}},"2":{"start":{"line":4,"column":15},"end":{"line":35,"column":1}},"3":{"start":{"line":5,"column":33},"end":{"line":5,"column":41}},"4":{"start":{"line":7,"column":18},"end":{"line":7,"column":50}},"5":{"start":{"line":9,"column":2},"end":{"line":34,"column":3}},"6":{"start":{"line":11,"column":19},"end":{"line":11,"column":60}},"7":{"start":{"line":13,"column":4},"end":{"line":19,"column":5}},"8":{"start":{"line":14,"column":6},"end":{"line":18,"column":9}},"9":{"start":{"line":22,"column":4},"end":{"line":22,"column":41}},"10":{"start":{"line":23,"column":4},"end":{"line":27,"column":7}},"11":{"start":{"line":29,"column":4},"end":{"line":33,"column":7}},"12":{"start":{"line":37,"column":0},"end":{"line":37,"column":28}}},"fnMap":{"0":{"name":"(anonymous_0)","decl":{"start":{"line":4,"column":15},"end":{"line":4,"column":16}},"loc":{"start":{"line":4,"column":46},"end":{"line":35,"column":1}},"line":4}},"branchMap":{"0":{"loc":{"start":{"line":4,"column":27},"end":{"line":4,"column":41}},"type":"default-arg","locations":[{"start":{"line":4,"column":33},"end":{"line":4,"column":41}}],"line":4},"1":{"loc":{"start":{"line":13,"column":4},"end":{"line":19,"column":5}},"type":"if","locations":[{"start":{"line":13,"column":4},"end":{"line":19,"column":5}},{"start":{"line":13,"column":4},"end":{"line":19,"column":5}}],"line":13}},"s":{"0":1,"1":1,"2":1,"3":0,"4":0,"5":0,"6":0,"7":0,"8":0,"9":0,"10":0,"11":0,"12":1},"f":{"0":0},"b":{"0":[0],"1":[0,0]},"_coverageSchema":"1a1c01bbd47fc00a2c39e90264f33305004495a9","hash":"a189b7fe694757ea11430181c63025efe1e7e5c8"}
,"C:\\Dev\\NodeJS - Mindhub - NaranjaX\\My Itinerary\\server\\controllers\\city\\getCities\\getCities.js": {"path":"C:\\Dev\\NodeJS - Mindhub - NaranjaX\\My Itinerary\\server\\controllers\\city\\getCities\\getCities.js","statementMap":{"0":{"start":{"line":1,"column":21},"end":{"line":1,"column":45}},"1":{"start":{"line":2,"column":23},"end":{"line":2,"column":70}},"2":{"start":{"line":4,"column":18},"end":{"line":37,"column":1}},"3":{"start":{"line":5,"column":19},"end":{"line":5,"column":28}},"4":{"start":{"line":7,"column":14},"end":{"line":7,"column":15}},"5":{"start":{"line":8,"column":2},"end":{"line":36,"column":3}},"6":{"start":{"line":9,"column":4},"end":{"line":14,"column":5}},"7":{"start":{"line":10,"column":6},"end":{"line":10,"column":59}},"8":{"start":{"line":12,"column":6},"end":{"line":12,"column":47}},"9":{"start":{"line":13,"column":6},"end":{"line":13,"column":43}},"10":{"start":{"line":16,"column":4},"end":{"line":22,"column":5}},"11":{"start":{"line":17,"column":6},"end":{"line":21,"column":9}},"12":{"start":{"line":24,"column":4},"end":{"line":29,"column":7}},"13":{"start":{"line":31,"column":4},"end":{"line":35,"column":7}},"14":{"start":{"line":39,"column":0},"end":{"line":42,"column":2}}},"fnMap":{"0":{"name":"(anonymous_0)","decl":{"start":{"line":4,"column":18},"end":{"line":4,"column":19}},"loc":{"start":{"line":4,"column":49},"end":{"line":37,"column":1}},"line":4}},"branchMap":{"0":{"loc":{"start":{"line":4,"column":30},"end":{"line":4,"column":44}},"type":"default-arg","locations":[{"start":{"line":4,"column":36},"end":{"line":4,"column":44}}],"line":4},"1":{"loc":{"start":{"line":9,"column":4},"end":{"line":14,"column":5}},"type":"if","locations":[{"start":{"line":9,"column":4},"end":{"line":14,"column":5}},{"start":{"line":9,"column":4},"end":{"line":14,"column":5}}],"line":9},"2":{"loc":{"start":{"line":16,"column":4},"end":{"line":22,"column":5}},"type":"if","locations":[{"start":{"line":16,"column":4},"end":{"line":22,"column":5}},{"start":{"line":16,"column":4},"end":{"line":22,"column":5}}],"line":16}},"s":{"0":1,"1":1,"2":1,"3":1,"4":1,"5":1,"6":1,"7":0,"8":1,"9":1,"10":1,"11":0,"12":1,"13":0,"14":1},"f":{"0":1},"b":{"0":[0],"1":[0,1],"2":[0,1]},"_coverageSchema":"1a1c01bbd47fc00a2c39e90264f33305004495a9","hash":"7b6e3b881a29b9b00eebb913819d330336cb52bb"}
,"C:\\Dev\\NodeJS - Mindhub - NaranjaX\\My Itinerary\\server\\controllers\\itinerary\\itineraryController.js": {"path":"C:\\Dev\\NodeJS - Mindhub - NaranjaX\\My Itinerary\\server\\controllers\\itinerary\\itineraryController.js","statementMap":{"0":{"start":{"line":1,"column":12},"end":{"line":1,"column":52}},"1":{"start":{"line":2,"column":15},"end":{"line":2,"column":61}},"2":{"start":{"line":4,"column":0},"end":{"line":4,"column":33}}},"fnMap":{},"branchMap":{},"s":{"0":1,"1":1,"2":1},"f":{},"b":{},"_coverageSchema":"1a1c01bbd47fc00a2c39e90264f33305004495a9","hash":"7f4bef92e84961e2a39646a657c6246c64a0e30b"}
,"C:\\Dev\\NodeJS - Mindhub - NaranjaX\\My Itinerary\\server\\controllers\\itinerary\\itineraryModule.js": {"path":"C:\\Dev\\NodeJS - Mindhub - NaranjaX\\My Itinerary\\server\\controllers\\itinerary\\itineraryModule.js","statementMap":{"0":{"start":{"line":2,"column":29},"end":{"line":2,"column":47}},"1":{"start":{"line":3,"column":18},"end":{"line":3,"column":56}},"2":{"start":{"line":5,"column":0},"end":{"line":9,"column":2}}},"fnMap":{},"branchMap":{},"s":{"0":1,"1":1,"2":1},"f":{},"b":{},"_coverageSchema":"1a1c01bbd47fc00a2c39e90264f33305004495a9","hash":"484ce8f62ef5f38573821768953231d25557f12a"}
,"C:\\Dev\\NodeJS - Mindhub - NaranjaX\\My Itinerary\\server\\controllers\\itinerary\\createItinerary\\createItineraries.js": {"path":"C:\\Dev\\NodeJS - Mindhub - NaranjaX\\My Itinerary\\server\\controllers\\itinerary\\createItinerary\\createItineraries.js","statementMap":{"0":{"start":{"line":1,"column":32},"end":{"line":1,"column":61}},"1":{"start":{"line":2,"column":28},"end":{"line":2,"column":80}},"2":{"start":{"line":4,"column":15},"end":{"line":32,"column":1}},"3":{"start":{"line":5,"column":73},"end":{"line":5,"column":81}},"4":{"start":{"line":7,"column":2},"end":{"line":31,"column":3}},"5":{"start":{"line":8,"column":25},"end":{"line":16,"column":6}},"6":{"start":{"line":18,"column":4},"end":{"line":18,"column":51}},"7":{"start":{"line":20,"column":4},"end":{"line":24,"column":7}},"8":{"start":{"line":26,"column":4},"end":{"line":30,"column":7}},"9":{"start":{"line":34,"column":0},"end":{"line":34,"column":28}}},"fnMap":{"0":{"name":"(anonymous_0)","decl":{"start":{"line":4,"column":15},"end":{"line":4,"column":16}},"loc":{"start":{"line":4,"column":46},"end":{"line":32,"column":1}},"line":4}},"branchMap":{"0":{"loc":{"start":{"line":4,"column":27},"end":{"line":4,"column":41}},"type":"default-arg","locations":[{"start":{"line":4,"column":33},"end":{"line":4,"column":41}}],"line":4}},"s":{"0":1,"1":1,"2":1,"3":0,"4":0,"5":0,"6":0,"7":0,"8":0,"9":1},"f":{"0":0},"b":{"0":[0]},"_coverageSchema":"1a1c01bbd47fc00a2c39e90264f33305004495a9","hash":"7f2e86aeb38946c12c348beb816fff6946c0ade0"}
,"C:\\Dev\\NodeJS - Mindhub - NaranjaX\\My Itinerary\\server\\controllers\\itinerary\\getItinerary\\getItineraries.js": {"path":"C:\\Dev\\NodeJS - Mindhub - NaranjaX\\My Itinerary\\server\\controllers\\itinerary\\getItinerary\\getItineraries.js","statementMap":{"0":{"start":{"line":1,"column":21},"end":{"line":1,"column":50}},"1":{"start":{"line":2,"column":28},"end":{"line":2,"column":80}},"2":{"start":{"line":4,"column":23},"end":{"line":28,"column":1}},"3":{"start":{"line":5,"column":2},"end":{"line":27,"column":3}},"4":{"start":{"line":6,"column":26},"end":{"line":6,"column":60}},"5":{"start":{"line":8,"column":4},"end":{"line":14,"column":5}},"6":{"start":{"line":9,"column":6},"end":{"line":13,"column":9}},"7":{"start":{"line":16,"column":4},"end":{"line":20,"column":7}},"8":{"start":{"line":22,"column":4},"end":{"line":26,"column":7}},"9":{"start":{"line":30,"column":0},"end":{"line":32,"column":2}}},"fnMap":{"0":{"name":"(anonymous_0)","decl":{"start":{"line":4,"column":23},"end":{"line":4,"column":24}},"loc":{"start":{"line":4,"column":54},"end":{"line":28,"column":1}},"line":4}},"branchMap":{"0":{"loc":{"start":{"line":4,"column":35},"end":{"line":4,"column":49}},"type":"default-arg","locations":[{"start":{"line":4,"column":41},"end":{"line":4,"column":49}}],"line":4},"1":{"loc":{"start":{"line":8,"column":4},"end":{"line":14,"column":5}},"type":"if","locations":[{"start":{"line":8,"column":4},"end":{"line":14,"column":5}},{"start":{"line":8,"column":4},"end":{"line":14,"column":5}}],"line":8}},"s":{"0":1,"1":1,"2":1,"3":0,"4":0,"5":0,"6":0,"7":0,"8":0,"9":1},"f":{"0":0},"b":{"0":[0],"1":[0,0]},"_coverageSchema":"1a1c01bbd47fc00a2c39e90264f33305004495a9","hash":"6789772f8431f8a4463e9e353e4c374ff4da8aa7"}
,"C:\\Dev\\NodeJS - Mindhub - NaranjaX\\My Itinerary\\server\\controllers\\user\\userController.js": {"path":"C:\\Dev\\NodeJS - Mindhub - NaranjaX\\My Itinerary\\server\\controllers\\user\\userController.js","statementMap":{"0":{"start":{"line":1,"column":12},"end":{"line":1,"column":42}},"1":{"start":{"line":2,"column":15},"end":{"line":2,"column":49}},"2":{"start":{"line":3,"column":14},"end":{"line":3,"column":38}},"3":{"start":{"line":4,"column":0},"end":{"line":4,"column":40}}},"fnMap":{},"branchMap":{},"s":{"0":1,"1":1,"2":1,"3":1},"f":{},"b":{},"_coverageSchema":"1a1c01bbd47fc00a2c39e90264f33305004495a9","hash":"99e0820098b8eabc98f5454fab62ac9164496bcf"}
,"C:\\Dev\\NodeJS - Mindhub - NaranjaX\\My Itinerary\\server\\controllers\\user\\userModule.js": {"path":"C:\\Dev\\NodeJS - Mindhub - NaranjaX\\My Itinerary\\server\\controllers\\user\\userModule.js","statementMap":{"0":{"start":{"line":2,"column":29},"end":{"line":2,"column":47}},"1":{"start":{"line":3,"column":13},"end":{"line":3,"column":46}},"2":{"start":{"line":5,"column":0},"end":{"line":9,"column":2}}},"fnMap":{},"branchMap":{},"s":{"0":1,"1":1,"2":1},"f":{},"b":{},"_coverageSchema":"1a1c01bbd47fc00a2c39e90264f33305004495a9","hash":"2f1bb368c6234b6c2a0b8a4a735747c295339c39"}
,"C:\\Dev\\NodeJS - Mindhub - NaranjaX\\My Itinerary\\server\\controllers\\user\\createUser\\createUser.js": {"path":"C:\\Dev\\NodeJS - Mindhub - NaranjaX\\My Itinerary\\server\\controllers\\user\\createUser\\createUser.js","statementMap":{"0":{"start":{"line":1,"column":27},"end":{"line":1,"column":51}},"1":{"start":{"line":2,"column":23},"end":{"line":2,"column":70}},"2":{"start":{"line":3,"column":15},"end":{"line":3,"column":32}},"3":{"start":{"line":4,"column":29},"end":{"line":4,"column":57}},"4":{"start":{"line":6,"column":15},"end":{"line":55,"column":1}},"5":{"start":{"line":7,"column":68},"end":{"line":7,"column":76}},"6":{"start":{"line":9,"column":2},"end":{"line":54,"column":3}},"7":{"start":{"line":11,"column":24},"end":{"line":11,"column":45}},"8":{"start":{"line":12,"column":4},"end":{"line":18,"column":5}},"9":{"start":{"line":13,"column":6},"end":{"line":17,"column":9}},"10":{"start":{"line":21,"column":19},"end":{"line":21,"column":60}},"11":{"start":{"line":23,"column":4},"end":{"line":29,"column":5}},"12":{"start":{"line":24,"column":6},"end":{"line":28,"column":9}},"13":{"start":{"line":32,"column":20},"end":{"line":39,"column":6}},"14":{"start":{"line":41,"column":4},"end":{"line":41,"column":41}},"15":{"start":{"line":43,"column":4},"end":{"line":47,"column":7}},"16":{"start":{"line":49,"column":4},"end":{"line":53,"column":7}},"17":{"start":{"line":57,"column":0},"end":{"line":57,"column":28}}},"fnMap":{"0":{"name":"(anonymous_0)","decl":{"start":{"line":6,"column":15},"end":{"line":6,"column":16}},"loc":{"start":{"line":6,"column":46},"end":{"line":55,"column":1}},"line":6}},"branchMap":{"0":{"loc":{"start":{"line":6,"column":27},"end":{"line":6,"column":41}},"type":"default-arg","locations":[{"start":{"line":6,"column":33},"end":{"line":6,"column":41}}],"line":6},"1":{"loc":{"start":{"line":12,"column":4},"end":{"line":18,"column":5}},"type":"if","locations":[{"start":{"line":12,"column":4},"end":{"line":18,"column":5}},{"start":{"line":12,"column":4},"end":{"line":18,"column":5}}],"line":12},"2":{"loc":{"start":{"line":23,"column":4},"end":{"line":29,"column":5}},"type":"if","locations":[{"start":{"line":23,"column":4},"end":{"line":29,"column":5}},{"start":{"line":23,"column":4},"end":{"line":29,"column":5}}],"line":23}},"s":{"0":1,"1":1,"2":1,"3":1,"4":1,"5":0,"6":0,"7":0,"8":0,"9":0,"10":0,"11":0,"12":0,"13":0,"14":0,"15":0,"16":0,"17":1},"f":{"0":0},"b":{"0":[0],"1":[0,0],"2":[0,0]},"_coverageSchema":"1a1c01bbd47fc00a2c39e90264f33305004495a9","hash":"4d3b05512d43cb767957def67ce39865df5d9480"}
,"C:\\Dev\\NodeJS - Mindhub - NaranjaX\\My Itinerary\\server\\controllers\\user\\getUsers\\getUsers.js": {"path":"C:\\Dev\\NodeJS - Mindhub - NaranjaX\\My Itinerary\\server\\controllers\\user\\getUsers\\getUsers.js","statementMap":{"0":{"start":{"line":1,"column":21},"end":{"line":1,"column":45}},"1":{"start":{"line":2,"column":23},"end":{"line":2,"column":70}},"2":{"start":{"line":4,"column":17},"end":{"line":28,"column":1}},"3":{"start":{"line":5,"column":2},"end":{"line":27,"column":3}},"4":{"start":{"line":6,"column":20},"end":{"line":6,"column":49}},"5":{"start":{"line":8,"column":4},"end":{"line":14,"column":5}},"6":{"start":{"line":9,"column":6},"end":{"line":13,"column":9}},"7":{"start":{"line":16,"column":4},"end":{"line":20,"column":7}},"8":{"start":{"line":22,"column":4},"end":{"line":26,"column":7}},"9":{"start":{"line":30,"column":0},"end":{"line":32,"column":2}}},"fnMap":{"0":{"name":"(anonymous_0)","decl":{"start":{"line":4,"column":17},"end":{"line":4,"column":18}},"loc":{"start":{"line":4,"column":48},"end":{"line":28,"column":1}},"line":4}},"branchMap":{"0":{"loc":{"start":{"line":4,"column":29},"end":{"line":4,"column":43}},"type":"default-arg","locations":[{"start":{"line":4,"column":35},"end":{"line":4,"column":43}}],"line":4},"1":{"loc":{"start":{"line":8,"column":4},"end":{"line":14,"column":5}},"type":"if","locations":[{"start":{"line":8,"column":4},"end":{"line":14,"column":5}},{"start":{"line":8,"column":4},"end":{"line":14,"column":5}}],"line":8}},"s":{"0":1,"1":1,"2":1,"3":0,"4":0,"5":0,"6":0,"7":0,"8":0,"9":1},"f":{"0":0},"b":{"0":[0],"1":[0,0]},"_coverageSchema":"1a1c01bbd47fc00a2c39e90264f33305004495a9","hash":"a6b6ba9821a644c693c4a99025be0c854f496f96"}
,"C:\\Dev\\NodeJS - Mindhub - NaranjaX\\My Itinerary\\server\\controllers\\user\\login\\login.js": {"path":"C:\\Dev\\NodeJS - Mindhub - NaranjaX\\My Itinerary\\server\\controllers\\user\\login\\login.js","statementMap":{"0":{"start":{"line":1,"column":21},"end":{"line":1,"column":45}},"1":{"start":{"line":2,"column":23},"end":{"line":2,"column":70}},"2":{"start":{"line":3,"column":15},"end":{"line":3,"column":32}},"3":{"start":{"line":4,"column":12},"end":{"line":4,"column":35}},"4":{"start":{"line":5,"column":23},"end":{"line":5,"column":54}},"5":{"start":{"line":7,"column":14},"end":{"line":66,"column":1}},"6":{"start":{"line":8,"column":29},"end":{"line":8,"column":37}},"7":{"start":{"line":10,"column":2},"end":{"line":65,"column":3}},"8":{"start":{"line":12,"column":19},"end":{"line":12,"column":60}},"9":{"start":{"line":13,"column":4},"end":{"line":13,"column":24}},"10":{"start":{"line":14,"column":4},"end":{"line":19,"column":5}},"11":{"start":{"line":15,"column":6},"end":{"line":18,"column":9}},"12":{"start":{"line":20,"column":4},"end":{"line":20,"column":33}},"13":{"start":{"line":22,"column":28},"end":{"line":22,"column":75}},"14":{"start":{"line":23,"column":4},"end":{"line":23,"column":33}},"15":{"start":{"line":24,"column":4},"end":{"line":58,"column":5}},"16":{"start":{"line":25,"column":22},"end":{"line":29,"column":7}},"17":{"start":{"line":30,"column":22},"end":{"line":30,"column":44}},"18":{"start":{"line":32,"column":6},"end":{"line":52,"column":9}},"19":{"start":{"line":33,"column":8},"end":{"line":51,"column":9}},"20":{"start":{"line":34,"column":10},"end":{"line":40,"column":13}},"21":{"start":{"line":42,"column":10},"end":{"line":50,"column":13}},"22":{"start":{"line":54,"column":6},"end":{"line":57,"column":9}},"23":{"start":{"line":60,"column":4},"end":{"line":64,"column":7}},"24":{"start":{"line":68,"column":0},"end":{"line":68,"column":27}}},"fnMap":{"0":{"name":"(anonymous_0)","decl":{"start":{"line":7,"column":14},"end":{"line":7,"column":15}},"loc":{"start":{"line":7,"column":45},"end":{"line":66,"column":1}},"line":7},"1":{"name":"(anonymous_1)","decl":{"start":{"line":32,"column":45},"end":{"line":32,"column":46}},"loc":{"start":{"line":32,"column":61},"end":{"line":52,"column":7}},"line":32}},"branchMap":{"0":{"loc":{"start":{"line":7,"column":26},"end":{"line":7,"column":40}},"type":"default-arg","locations":[{"start":{"line":7,"column":32},"end":{"line":7,"column":40}}],"line":7},"1":{"loc":{"start":{"line":14,"column":4},"end":{"line":19,"column":5}},"type":"if","locations":[{"start":{"line":14,"column":4},"end":{"line":19,"column":5}},{"start":{"line":14,"column":4},"end":{"line":19,"column":5}}],"line":14},"2":{"loc":{"start":{"line":24,"column":4},"end":{"line":58,"column":5}},"type":"if","locations":[{"start":{"line":24,"column":4},"end":{"line":58,"column":5}},{"start":{"line":24,"column":4},"end":{"line":58,"column":5}}],"line":24},"3":{"loc":{"start":{"line":33,"column":8},"end":{"line":51,"column":9}},"type":"if","locations":[{"start":{"line":33,"column":8},"end":{"line":51,"column":9}},{"start":{"line":33,"column":8},"end":{"line":51,"column":9}}],"line":33}},"s":{"0":1,"1":1,"2":1,"3":1,"4":1,"5":1,"6":0,"7":0,"8":0,"9":0,"10":0,"11":0,"12":0,"13":0,"14":0,"15":0,"16":0,"17":0,"18":0,"19":0,"20":0,"21":0,"22":0,"23":0,"24":1},"f":{"0":0,"1":0},"b":{"0":[0],"1":[0,0],"2":[0,0],"3":[0,0]},"_coverageSchema":"1a1c01bbd47fc00a2c39e90264f33305004495a9","hash":"28134cc25e23e50b18b0d23a245d5c7272c875eb"}
,"C:\\Dev\\NodeJS - Mindhub - NaranjaX\\My Itinerary\\server\\models\\cityModel.js": {"path":"C:\\Dev\\NodeJS - Mindhub - NaranjaX\\My Itinerary\\server\\models\\cityModel.js","statementMap":{"0":{"start":{"line":1,"column":17},"end":{"line":1,"column":36}},"1":{"start":{"line":3,"column":20},"end":{"line":17,"column":2}},"2":{"start":{"line":19,"column":0},"end":{"line":19,"column":53}}},"fnMap":{},"branchMap":{},"s":{"0":1,"1":1,"2":1},"f":{},"b":{},"_coverageSchema":"1a1c01bbd47fc00a2c39e90264f33305004495a9","hash":"de3181ed50c36beec10a0da43d2781211a90843f"}
,"C:\\Dev\\NodeJS - Mindhub - NaranjaX\\My Itinerary\\server\\models\\ityneraryModel.js": {"path":"C:\\Dev\\NodeJS - Mindhub - NaranjaX\\My Itinerary\\server\\models\\ityneraryModel.js","statementMap":{"0":{"start":{"line":1,"column":17},"end":{"line":1,"column":36}},"1":{"start":{"line":3,"column":25},"end":{"line":68,"column":2}},"2":{"start":{"line":70,"column":0},"end":{"line":70,"column":63}}},"fnMap":{},"branchMap":{},"s":{"0":1,"1":1,"2":1},"f":{},"b":{},"_coverageSchema":"1a1c01bbd47fc00a2c39e90264f33305004495a9","hash":"2a6e191172eeba048fb00221804b0cef7eaef8e4"}
,"C:\\Dev\\NodeJS - Mindhub - NaranjaX\\My Itinerary\\server\\models\\userModel.js": {"path":"C:\\Dev\\NodeJS - Mindhub - NaranjaX\\My Itinerary\\server\\models\\userModel.js","statementMap":{"0":{"start":{"line":1,"column":17},"end":{"line":1,"column":36}},"1":{"start":{"line":3,"column":20},"end":{"line":28,"column":2}},"2":{"start":{"line":30,"column":0},"end":{"line":30,"column":53}}},"fnMap":{},"branchMap":{},"s":{"0":1,"1":1,"2":1},"f":{},"b":{},"_coverageSchema":"1a1c01bbd47fc00a2c39e90264f33305004495a9","hash":"afbb984b66c52fa2b6132646af2d39c37ece7284"}
,"C:\\Dev\\NodeJS - Mindhub - NaranjaX\\My Itinerary\\server\\repositories\\cityRepository.js": {"path":"C:\\Dev\\NodeJS - Mindhub - NaranjaX\\My Itinerary\\server\\repositories\\cityRepository.js","statementMap":{"0":{"start":{"line":1,"column":13},"end":{"line":1,"column":43}},"1":{"start":{"line":4,"column":15},"end":{"line":4,"column":46}},"2":{"start":{"line":4,"column":27},"end":{"line":4,"column":46}},"3":{"start":{"line":5,"column":23},"end":{"line":5,"column":70}},"4":{"start":{"line":5,"column":39},"end":{"line":5,"column":70}},"5":{"start":{"line":6,"column":14},"end":{"line":6,"column":44}},"6":{"start":{"line":6,"column":26},"end":{"line":6,"column":44}},"7":{"start":{"line":9,"column":15},"end":{"line":14,"column":1}},"8":{"start":{"line":10,"column":2},"end":{"line":13,"column":5}},"9":{"start":{"line":11,"column":4},"end":{"line":11,"column":34}},"10":{"start":{"line":11,"column":13},"end":{"line":11,"column":34}},"11":{"start":{"line":12,"column":4},"end":{"line":12,"column":18}},"12":{"start":{"line":16,"column":0},"end":{"line":16,"column":59}}},"fnMap":{"0":{"name":"(anonymous_0)","decl":{"start":{"line":4,"column":15},"end":{"line":4,"column":16}},"loc":{"start":{"line":4,"column":27},"end":{"line":4,"column":46}},"line":4},"1":{"name":"(anonymous_1)","decl":{"start":{"line":5,"column":23},"end":{"line":5,"column":24}},"loc":{"start":{"line":5,"column":39},"end":{"line":5,"column":70}},"line":5},"2":{"name":"(anonymous_2)","decl":{"start":{"line":6,"column":14},"end":{"line":6,"column":15}},"loc":{"start":{"line":6,"column":26},"end":{"line":6,"column":44}},"line":6},"3":{"name":"(anonymous_3)","decl":{"start":{"line":9,"column":15},"end":{"line":9,"column":16}},"loc":{"start":{"line":9,"column":34},"end":{"line":14,"column":1}},"line":9},"4":{"name":"(anonymous_4)","decl":{"start":{"line":10,"column":21},"end":{"line":10,"column":22}},"loc":{"start":{"line":10,"column":38},"end":{"line":13,"column":3}},"line":10}},"branchMap":{"0":{"loc":{"start":{"line":11,"column":4},"end":{"line":11,"column":34}},"type":"if","locations":[{"start":{"line":11,"column":4},"end":{"line":11,"column":34}},{"start":{"line":11,"column":4},"end":{"line":11,"column":34}}],"line":11}},"s":{"0":1,"1":1,"2":1,"3":1,"4":0,"5":1,"6":1,"7":1,"8":0,"9":0,"10":0,"11":0,"12":1},"f":{"0":1,"1":0,"2":1,"3":0,"4":0},"b":{"0":[0,0]},"_coverageSchema":"1a1c01bbd47fc00a2c39e90264f33305004495a9","hash":"a0f5b3522dc2646dd0a8e50647d0c3dc5c6b9255"}
,"C:\\Dev\\NodeJS - Mindhub - NaranjaX\\My Itinerary\\server\\repositories\\itineraryRepository.js": {"path":"C:\\Dev\\NodeJS - Mindhub - NaranjaX\\My Itinerary\\server\\repositories\\itineraryRepository.js","statementMap":{"0":{"start":{"line":1,"column":18},"end":{"line":1,"column":53}},"1":{"start":{"line":4,"column":15},"end":{"line":4,"column":51}},"2":{"start":{"line":4,"column":27},"end":{"line":4,"column":51}},"3":{"start":{"line":7,"column":15},"end":{"line":12,"column":1}},"4":{"start":{"line":8,"column":2},"end":{"line":11,"column":5}},"5":{"start":{"line":9,"column":4},"end":{"line":9,"column":34}},"6":{"start":{"line":9,"column":13},"end":{"line":9,"column":34}},"7":{"start":{"line":10,"column":4},"end":{"line":10,"column":23}},"8":{"start":{"line":14,"column":0},"end":{"line":14,"column":36}}},"fnMap":{"0":{"name":"(anonymous_0)","decl":{"start":{"line":4,"column":15},"end":{"line":4,"column":16}},"loc":{"start":{"line":4,"column":27},"end":{"line":4,"column":51}},"line":4},"1":{"name":"(anonymous_1)","decl":{"start":{"line":7,"column":15},"end":{"line":7,"column":16}},"loc":{"start":{"line":7,"column":39},"end":{"line":12,"column":1}},"line":7},"2":{"name":"(anonymous_2)","decl":{"start":{"line":8,"column":26},"end":{"line":8,"column":27}},"loc":{"start":{"line":8,"column":48},"end":{"line":11,"column":3}},"line":8}},"branchMap":{"0":{"loc":{"start":{"line":9,"column":4},"end":{"line":9,"column":34}},"type":"if","locations":[{"start":{"line":9,"column":4},"end":{"line":9,"column":34}},{"start":{"line":9,"column":4},"end":{"line":9,"column":34}}],"line":9}},"s":{"0":1,"1":1,"2":0,"3":1,"4":0,"5":0,"6":0,"7":0,"8":1},"f":{"0":0,"1":0,"2":0},"b":{"0":[0,0]},"_coverageSchema":"1a1c01bbd47fc00a2c39e90264f33305004495a9","hash":"79ba05fa27d1fb00eca581f6463725c6d21ec81d"}
,"C:\\Dev\\NodeJS - Mindhub - NaranjaX\\My Itinerary\\server\\repositories\\userRepository.js": {"path":"C:\\Dev\\NodeJS - Mindhub - NaranjaX\\My Itinerary\\server\\repositories\\userRepository.js","statementMap":{"0":{"start":{"line":1,"column":13},"end":{"line":1,"column":43}},"1":{"start":{"line":4,"column":15},"end":{"line":4,"column":46}},"2":{"start":{"line":4,"column":27},"end":{"line":4,"column":46}},"3":{"start":{"line":5,"column":23},"end":{"line":5,"column":73}},"4":{"start":{"line":5,"column":39},"end":{"line":5,"column":73}},"5":{"start":{"line":8,"column":15},"end":{"line":13,"column":1}},"6":{"start":{"line":9,"column":2},"end":{"line":12,"column":5}},"7":{"start":{"line":10,"column":4},"end":{"line":10,"column":34}},"8":{"start":{"line":10,"column":13},"end":{"line":10,"column":34}},"9":{"start":{"line":11,"column":4},"end":{"line":11,"column":18}},"10":{"start":{"line":15,"column":0},"end":{"line":15,"column":52}}},"fnMap":{"0":{"name":"(anonymous_0)","decl":{"start":{"line":4,"column":15},"end":{"line":4,"column":16}},"loc":{"start":{"line":4,"column":27},"end":{"line":4,"column":46}},"line":4},"1":{"name":"(anonymous_1)","decl":{"start":{"line":5,"column":23},"end":{"line":5,"column":24}},"loc":{"start":{"line":5,"column":39},"end":{"line":5,"column":73}},"line":5},"2":{"name":"(anonymous_2)","decl":{"start":{"line":8,"column":15},"end":{"line":8,"column":16}},"loc":{"start":{"line":8,"column":34},"end":{"line":13,"column":1}},"line":8},"3":{"name":"(anonymous_3)","decl":{"start":{"line":9,"column":21},"end":{"line":9,"column":22}},"loc":{"start":{"line":9,"column":38},"end":{"line":12,"column":3}},"line":9}},"branchMap":{"0":{"loc":{"start":{"line":10,"column":4},"end":{"line":10,"column":34}},"type":"if","locations":[{"start":{"line":10,"column":4},"end":{"line":10,"column":34}},{"start":{"line":10,"column":4},"end":{"line":10,"column":34}}],"line":10}},"s":{"0":1,"1":1,"2":0,"3":1,"4":0,"5":1,"6":0,"7":0,"8":0,"9":0,"10":1},"f":{"0":0,"1":0,"2":0,"3":0},"b":{"0":[0,0]},"_coverageSchema":"1a1c01bbd47fc00a2c39e90264f33305004495a9","hash":"3ae22e4d2abb752136fcebc3a6f5df602d59c2de"}
,"C:\\Dev\\NodeJS - Mindhub - NaranjaX\\My Itinerary\\server\\routes\\cities.js": {"path":"C:\\Dev\\NodeJS - Mindhub - NaranjaX\\My Itinerary\\server\\routes\\cities.js","statementMap":{"0":{"start":{"line":1,"column":19},"end":{"line":1,"column":60}},"1":{"start":{"line":2,"column":15},"end":{"line":2,"column":27}},"2":{"start":{"line":3,"column":24},"end":{"line":3,"column":69}},"3":{"start":{"line":5,"column":0},"end":{"line":5,"column":37}},"4":{"start":{"line":8,"column":0},"end":{"line":8,"column":38}},"5":{"start":{"line":10,"column":0},"end":{"line":10,"column":24}}},"fnMap":{},"branchMap":{},"s":{"0":1,"1":1,"2":1,"3":1,"4":1,"5":1},"f":{},"b":{},"_coverageSchema":"1a1c01bbd47fc00a2c39e90264f33305004495a9","hash":"01c13452bdcd737cc7dbb23080c8af2e7a53e82a"}
,"C:\\Dev\\NodeJS - Mindhub - NaranjaX\\My Itinerary\\server\\routes\\itineraries.js": {"path":"C:\\Dev\\NodeJS - Mindhub - NaranjaX\\My Itinerary\\server\\routes\\itineraries.js","statementMap":{"0":{"start":{"line":1,"column":19},"end":{"line":1,"column":70}},"1":{"start":{"line":2,"column":15},"end":{"line":2,"column":27}},"2":{"start":{"line":3,"column":24},"end":{"line":3,"column":79}},"3":{"start":{"line":5,"column":0},"end":{"line":5,"column":47}},"4":{"start":{"line":7,"column":0},"end":{"line":7,"column":43}},"5":{"start":{"line":9,"column":0},"end":{"line":9,"column":24}}},"fnMap":{},"branchMap":{},"s":{"0":1,"1":1,"2":1,"3":1,"4":1,"5":1},"f":{},"b":{},"_coverageSchema":"1a1c01bbd47fc00a2c39e90264f33305004495a9","hash":"e270dec0438ec922459e8c1d3d22f58156eec9aa"}
,"C:\\Dev\\NodeJS - Mindhub - NaranjaX\\My Itinerary\\server\\routes\\users.js": {"path":"C:\\Dev\\NodeJS - Mindhub - NaranjaX\\My Itinerary\\server\\routes\\users.js","statementMap":{"0":{"start":{"line":1,"column":19},"end":{"line":1,"column":60}},"1":{"start":{"line":2,"column":15},"end":{"line":2,"column":27}},"2":{"start":{"line":3,"column":31},"end":{"line":3,"column":76}},"3":{"start":{"line":4,"column":18},"end":{"line":4,"column":46}},"4":{"start":{"line":6,"column":0},"end":{"line":6,"column":35}},"5":{"start":{"line":8,"column":0},"end":{"line":18,"column":2}},"6":{"start":{"line":20,"column":0},"end":{"line":20,"column":35}},"7":{"start":{"line":22,"column":0},"end":{"line":22,"column":24}}},"fnMap":{},"branchMap":{},"s":{"0":1,"1":1,"2":1,"3":1,"4":1,"5":1,"6":1,"7":1},"f":{},"b":{},"_coverageSchema":"1a1c01bbd47fc00a2c39e90264f33305004495a9","hash":"c45db368a587de51b97372fa5c92854e5900c5de"}
}
